[2021-11-02T15:18:31.621Z] Promise { <pending> }
[2021-11-02T15:18:31.676Z] [0m[90mHint: hit control+c anytime to enter REPL.[0m
[2021-11-02T15:18:31.677Z] ----------------
[2021-11-02T15:18:31.677Z] Please Wait
[2021-11-02T15:18:31.677Z] Starting Up
[2021-11-02T15:18:34.799Z] Private Message ,Successfully Connected To 878633230499196928, Member Count Ready, Ready To React, Function firstMessage ignored, poll Ready!
[2021-11-02T15:18:34.802Z] No Errors Detected
[2021-11-02T15:19:29.230Z] Promise { <pending> }
[2021-11-02T15:19:29.274Z] [0m[90mHint: hit control+c anytime to enter REPL.[0m
[2021-11-02T15:19:29.333Z] ----------------
[2021-11-02T15:19:29.333Z] Please Wait
[2021-11-02T15:19:29.333Z] Starting Up
[2021-11-02T15:19:33.461Z] Private Message ,Successfully Connected To 878633230499196928, Member Count Ready, Ready To React, Function firstMessage ignored, poll Ready!
[2021-11-02T15:19:33.468Z] No Errors Detected
[2021-11-02T15:26:47.511Z] Promise { <pending> }
[2021-11-02T15:26:47.543Z] [0m[90mHint: hit control+c anytime to enter REPL.[0m
[2021-11-02T15:26:47.550Z] ----------------
[2021-11-02T15:26:47.550Z] Please Wait
[2021-11-02T15:26:47.552Z] Starting Up
[2021-11-02T15:26:49.735Z] Private Message ,Successfully Connected To 878633230499196928, Member Count Ready, Ready To React, Function firstMessage ignored, poll Ready!
[2021-11-02T15:26:49.736Z] No Errors Detected
[2021-11-02T15:27:29.904Z] [0m[90mHint: hit control+c anytime to enter REPL.[0m
[2021-11-02T15:28:46.923Z] Promise { <pending> }
[2021-11-02T15:28:47.025Z] [0m[90mHint: hit control+c anytime to enter REPL.[0m
[2021-11-02T15:28:47.096Z] ----------------
[2021-11-02T15:28:47.096Z] Please Wait
[2021-11-02T15:28:47.143Z] Starting Up
[2021-11-02T15:28:51.898Z] Private Message ,Successfully Connected To 878633230499196928, Member Count Ready, Ready To React, Function firstMessage ignored, poll Ready!
[2021-11-02T15:28:51.916Z] No Errors Detected
[2021-11-02T15:28:58.336Z] HackerX said : !pinggt
[2021-11-02T15:28:58.348Z] requested!
[2021-11-02T15:29:50.014Z] Promise { <pending> }
[2021-11-02T15:29:50.030Z] [0m[90mHint: hit control+c anytime to enter REPL.[0m
[2021-11-02T15:29:50.031Z] ----------------
[2021-11-02T15:29:50.031Z] Please Wait
[2021-11-02T15:29:50.031Z] Starting Up
[2021-11-02T15:29:53.451Z] Private Message ,Successfully Connected To 878633230499196928, Member Count Ready, Ready To React, Function firstMessage ignored, poll Ready!
[2021-11-02T15:29:53.451Z] No Errors Detected
[2021-11-02T15:30:16.870Z] MEE6 said : 
[2021-11-02T15:31:11.560Z] HackerX said : pinggt
[2021-11-02T15:31:22.221Z] Promise { <pending> }
[2021-11-02T15:31:22.266Z] [0m[90mHint: hit control+c anytime to enter REPL.[0m
[2021-11-02T15:31:22.278Z] ----------------
[2021-11-02T15:31:22.278Z] Please Wait
[2021-11-02T15:31:22.278Z] Starting Up
[2021-11-02T15:31:27.459Z] Private Message ,Successfully Connected To 878633230499196928, Member Count Ready, Ready To React, Function firstMessage ignored, poll Ready!
[2021-11-02T15:31:27.459Z] No Errors Detected
[2021-11-02T15:31:56.343Z] [0m[90mHint: hit control+c anytime to enter REPL.[0m
[2021-11-02T15:32:29.363Z] [0m[90mHint: hit control+c anytime to enter REPL.[0m
[2021-11-02T15:32:53.259Z] Promise { <pending> }
[2021-11-02T15:32:53.286Z] [0m[90mHint: hit control+c anytime to enter REPL.[0m
[2021-11-02T15:32:53.296Z] ----------------
[2021-11-02T15:32:53.297Z] Please Wait
[2021-11-02T15:32:53.297Z] Starting Up
[2021-11-02T15:32:57.081Z] Private Message ,Successfully Connected To 878633230499196928, Member Count Ready, Ready To React, Function firstMessage ignored, poll Ready!
[2021-11-02T15:32:57.081Z] No Errors Detected
[2021-11-02T15:33:16.489Z] HackerX said : =help
[2021-11-02T15:33:16.513Z] Commands Sent
[2021-11-02T15:33:16.656Z] HackerX Bot said : 
[2021-11-02T15:33:43.326Z] maze said : Axammm
[2021-11-02T15:33:52.894Z] HackerX said : elaa
[2021-11-02T15:34:10.510Z] maze said : Ela mpempa paidi moo
[2021-11-02T15:34:15.895Z] maze said : xD
[2021-11-02T15:34:17.101Z] HackerX said : oooooooooooo
[2021-11-02T15:34:18.618Z] HackerX said : xD
[2021-11-02T15:35:08.906Z] maze said : Prepei na ftiakseis kalutera to help :(
[2021-11-02T15:35:43.715Z] maze said : Nmzw ta xreiazesai opwsdipote ta buttons
[2021-11-02T15:35:53.051Z] maze said : <@637280694091120680> prepei na katseis na ftiakseis
[2021-11-02T15:44:09.850Z] HackerX said : ne omws den thelei arxika slash commands gia na doulepsei?
[2021-11-02T15:44:22.946Z] HackerX said : k genikotera dn poly jerw pws
[2021-11-02T15:46:33.369Z] HackerX said : an einai tha psajw na jekinhsw me src
[2021-11-02T15:48:19.364Z] maze said : Afou to diko m
[2021-11-02T15:48:23.511Z] maze said : Einai mono me buttons
[2021-11-02T15:48:25.332Z] maze said : <@637280694091120680>
[2021-11-02T15:48:28.179Z] maze said : p!help
[2021-11-02T15:48:28.878Z] PandaMusic said : 
[2021-11-02T15:53:18.721Z] HackerX said : ne
[2021-11-02T15:53:23.801Z] HackerX said : apo p emathes
[2021-11-02T15:53:33.325Z] HackerX said : github, yt, ..?
[2021-11-02T15:53:39.914Z] maze said : Pouthena
[2021-11-02T15:53:40.485Z] MEE6 said : GG <@863477199574269986>, you just advanced to level 3!
[2021-11-02T15:53:44.715Z] HackerX said : em
[2021-11-02T15:53:54.056Z] maze said : Dn einai duskolo na kaneis buttons
[2021-11-02T15:54:15.569Z] HackerX said : ma auto to package na ta kanw
[2021-11-02T15:54:16.041Z] HackerX said : ?
[2021-11-02T15:54:23.820Z] maze said : Idk
[2021-11-02T15:54:32.259Z] HackerX said : 
[2021-11-02T15:54:35.928Z] HackerX said : esy pws to ekanes
[2021-11-02T15:54:36.760Z] HackerX said : ?
[2021-11-02T15:54:42.195Z] HackerX said : me poio
[2021-11-02T15:54:44.289Z] maze said : Vale auta an einai
[2021-11-02T15:54:52.423Z] HackerX said : ok
[2021-11-02T15:54:54.635Z] HackerX said : komplr
[2021-11-02T16:25:56.529Z] HackerX said : !ban <@!487625841157734400>
[2021-11-02T16:25:57.085Z] MEE6 said : 
[2021-11-02T16:25:57.476Z] MEE6 said : 
[2021-11-02T16:27:08.924Z] MEE6 said : 
[2021-11-02T17:23:42.274Z] MEE6 said : 
[2021-11-02T17:31:11.307Z] MEE6 said : 
