
[2021-10-07T21:20:50.409Z] Promise { <pending> }
[2021-10-07T21:20:50.412Z] [0m[90mHint: hit control+c anytime to enter REPL.[0m
[2021-10-07T21:20:50.413Z] ----------------
[2021-10-07T21:20:50.413Z] Loading
[2021-10-07T21:20:50.413Z] Starting Up
[2021-10-07T21:20:51.639Z] Private Message Ready!
[2021-10-07T21:20:51.640Z] Successfully connected.
[2021-10-07T21:20:51.641Z] Member Count Ready
[2021-10-07T21:20:51.641Z] Function firstMessage ignored
[2021-10-07T21:20:51.641Z] poll Ready!
[2021-10-07T21:20:51.641Z] No Errors Detected
[2021-10-07T21:21:26.718Z] Promise { <pending> }
[2021-10-07T21:21:26.721Z] [0m[90mHint: hit control+c anytime to enter REPL.[0m
[2021-10-07T21:21:26.721Z] ----------------
[2021-10-07T21:21:26.722Z] Loading
[2021-10-07T21:21:26.722Z] Starting Up
[2021-10-07T21:21:27.950Z] Private Message Ready!
[2021-10-07T21:21:27.951Z] Successfully connected.
[2021-10-07T21:21:27.952Z] Member Count Ready
[2021-10-07T21:21:27.952Z] Function firstMessage ignored
[2021-10-07T21:21:27.952Z] poll Ready!
[2021-10-07T21:21:27.952Z] No Errors Detected
[2021-10-07T21:22:16.323Z] Promise { <pending> }
[2021-10-07T21:22:16.326Z] [0m[90mHint: hit control+c anytime to enter REPL.[0m
[2021-10-07T21:22:16.327Z] ----------------
[2021-10-07T21:22:16.327Z] Loading
[2021-10-07T21:22:16.327Z] Starting Up
[2021-10-07T21:22:17.526Z] Private Message Ready!
[2021-10-07T21:22:17.526Z] Successfully connected.
[2021-10-07T21:22:17.528Z] Member Count Ready
[2021-10-07T21:22:17.528Z] Function firstMessage ignored
[2021-10-07T21:22:17.528Z] poll Ready!
[2021-10-07T21:22:17.528Z] No Errors Detected
[2021-10-07T21:22:39.502Z] Promise { <pending> }
[2021-10-07T21:22:39.504Z] [0m[90mHint: hit control+c anytime to enter REPL.[0m
[2021-10-07T21:22:39.505Z] ----------------
[2021-10-07T21:22:39.505Z] Loading
[2021-10-07T21:22:39.505Z] Starting Up
[2021-10-07T21:22:40.692Z] Private Message Ready!
[2021-10-07T21:22:40.692Z] Successfully connected.
[2021-10-07T21:22:40.693Z] Member Count Ready
[2021-10-07T21:22:40.693Z] Function firstMessage ignored
[2021-10-07T21:22:40.693Z] poll Ready!
[2021-10-07T21:22:40.693Z] No Errors Detected
[2021-10-07T21:23:47.006Z] Promise { <pending> }
[2021-10-07T21:23:47.013Z] [0m[90mHint: hit control+c anytime to enter REPL.[0m
[2021-10-07T21:23:47.014Z] ----------------
[2021-10-07T21:23:47.014Z] Loading
[2021-10-07T21:23:47.014Z] Starting Up
[2021-10-07T21:23:48.829Z] Private Message Ready!
[2021-10-07T21:23:48.829Z] Successfully connected.
[2021-10-07T21:23:48.830Z] Member Count Ready
[2021-10-07T21:23:48.886Z] Function firstMessage ignored
[2021-10-07T21:23:48.886Z] poll Ready!
[2021-10-07T21:23:48.886Z] No Errors Detected
[2021-10-08T04:56:19.828Z] Promise { <pending> }
[2021-10-08T04:56:19.943Z] [0m[90mHint: hit control+c anytime to enter REPL.[0m
[2021-10-08T04:56:19.974Z] ----------------
[2021-10-08T04:56:19.975Z] Loading
[2021-10-08T04:56:19.975Z] Starting Up
[2021-10-08T04:56:25.433Z] Private Message Ready!
[2021-10-08T04:56:25.440Z] Successfully connected.
[2021-10-08T04:56:25.441Z] Member Count Ready
[2021-10-08T04:56:25.452Z] Function firstMessage ignored
[2021-10-08T04:56:25.452Z] poll Ready!
[2021-10-08T04:56:25.452Z] No Errors Detected
[2021-10-08T04:56:36.451Z] MEE6 said :! 
[2021-10-08T09:15:09.703Z] MEE6 said :! 
[2021-10-08T09:27:39.075Z] MEE6 said :! 
[2021-10-08T10:37:28.974Z] MEE6 said :! 
[2021-10-08T10:47:44.071Z] MEE6 said :! 
[2021-10-08T11:13:07.885Z] MEE6 said :! 
[2021-10-08T11:41:23.127Z] User: !Cloxx has joined the server!
[2021-10-08T11:41:23.449Z] HackerX Bot said :! 
[2021-10-08T11:41:23.496Z] HackerX Bot said :! <@540276719395799040> **joined the server!** <a:gem_purple:879311453608370216>
[2021-10-08T11:42:52.710Z] MEE6 said :! 
[2021-10-08T12:08:52.975Z] MEE6 said :! 
[2021-10-08T12:51:39.047Z] Promise { <pending> }
[2021-10-08T12:51:39.108Z] [0m[90mHint: hit control+c anytime to enter REPL.[0m
[2021-10-08T12:51:39.111Z] ----------------
[2021-10-08T12:51:39.111Z] Loading
[2021-10-08T12:51:39.116Z] Starting Up
[2021-10-08T12:51:40.586Z] Private Message Ready!
[2021-10-08T12:51:40.587Z] Successfully connected.
[2021-10-08T12:51:40.592Z] Member Count Ready
[2021-10-08T12:51:40.592Z] Function firstMessage ignored
[2021-10-08T12:51:40.592Z] poll Ready!
[2021-10-08T12:51:40.593Z] No Errors Detected
[2021-10-08T12:54:19.003Z] Promise { <pending> }
[2021-10-08T12:54:19.019Z] [0m[90mHint: hit control+c anytime to enter REPL.[0m
[2021-10-08T12:54:19.025Z] ----------------
[2021-10-08T12:54:19.032Z] Loading
[2021-10-08T12:54:19.033Z] Starting Up
[2021-10-08T12:54:20.106Z] Private Message Ready!
[2021-10-08T12:54:20.106Z] Successfully connected.
[2021-10-08T12:54:20.112Z] Member Count Ready
[2021-10-08T12:54:20.113Z] Function firstMessage ignored
[2021-10-08T12:54:20.113Z] poll Ready!
[2021-10-08T12:54:20.113Z] No Errors Detected
[2021-10-08T13:02:09.007Z] Promise { <pending> }
[2021-10-08T13:02:09.014Z] [0m[90mHint: hit control+c anytime to enter REPL.[0m
[2021-10-08T13:02:09.022Z] ----------------
[2021-10-08T13:02:09.023Z] Loading
[2021-10-08T13:02:09.023Z] Starting Up
[2021-10-08T13:02:10.234Z] Private Message Ready!
[2021-10-08T13:02:10.234Z] Successfully connected.
[2021-10-08T13:02:10.239Z] Member Count Ready
[2021-10-08T13:02:10.245Z] Function firstMessage ignored
[2021-10-08T13:02:10.245Z] poll Ready!
[2021-10-08T13:02:10.246Z] No Errors Detected
[2021-10-08T13:04:12.627Z] Promise { <pending> }
[2021-10-08T13:04:12.644Z] [0m[90mHint: hit control+c anytime to enter REPL.[0m
[2021-10-08T13:04:12.651Z] ----------------
[2021-10-08T13:04:12.652Z] Loading
[2021-10-08T13:04:12.652Z] Starting Up
[2021-10-08T13:04:14.321Z] Private Message Ready!
[2021-10-08T13:04:14.322Z] Successfully connected.
[2021-10-08T13:04:14.378Z] Member Count Ready
[2021-10-08T13:04:14.378Z] Function firstMessage ignored
[2021-10-08T13:04:14.399Z] poll Ready!
[2021-10-08T13:04:14.399Z] No Errors Detected
[2021-10-08T13:04:30.911Z] Promise { <pending> }
[2021-10-08T13:04:30.929Z] [0m[90mHint: hit control+c anytime to enter REPL.[0m
[2021-10-08T13:04:30.942Z] ----------------
[2021-10-08T13:04:30.943Z] Loading
[2021-10-08T13:04:30.943Z] Starting Up
[2021-10-08T13:04:32.528Z] Private Message Ready!
[2021-10-08T13:04:32.529Z] Successfully connected.
[2021-10-08T13:04:32.530Z] Member Count Ready
[2021-10-08T13:04:32.530Z] Function firstMessage ignored
[2021-10-08T13:04:32.530Z] poll Ready!
[2021-10-08T13:04:32.530Z] No Errors Detected
[2021-10-08T13:05:07.329Z] Promise { <pending> }
[2021-10-08T13:05:07.367Z] [0m[90mHint: hit control+c anytime to enter REPL.[0m
[2021-10-08T13:05:07.388Z] ----------------
[2021-10-08T13:05:07.388Z] Loading
[2021-10-08T13:05:07.388Z] Starting Up
[2021-10-08T13:05:11.220Z] Private Message Ready!
[2021-10-08T13:05:11.221Z] Successfully connected.
[2021-10-08T13:05:11.222Z] Member Count Ready
[2021-10-08T13:05:11.223Z] Function firstMessage ignored
[2021-10-08T13:05:11.223Z] poll Ready!
[2021-10-08T13:05:11.223Z] No Errors Detected
[2021-10-08T13:07:06.701Z] Promise { <pending> }
[2021-10-08T13:07:06.760Z] [0m[90mHint: hit control+c anytime to enter REPL.[0m
[2021-10-08T13:07:06.841Z] ----------------
[2021-10-08T13:07:06.842Z] Loading
[2021-10-08T13:07:06.842Z] Starting Up
[2021-10-08T13:07:15.171Z] Private Message Ready!
[2021-10-08T13:07:15.172Z] Successfully connected.
[2021-10-08T13:07:15.206Z] Member Count Ready
[2021-10-08T13:07:15.215Z] Function firstMessage ignored
[2021-10-08T13:07:15.215Z] poll Ready!
[2021-10-08T13:07:15.215Z] No Errors Detected
[2021-10-08T13:09:05.612Z] Promise { <pending> }
[2021-10-08T13:09:05.647Z] [0m[90mHint: hit control+c anytime to enter REPL.[0m
[2021-10-08T13:09:05.651Z] ----------------
[2021-10-08T13:09:05.651Z] Loading
[2021-10-08T13:09:05.651Z] Starting Up
[2021-10-08T13:09:08.002Z] Private Message Ready!
[2021-10-08T13:09:08.018Z] Successfully connected.
[2021-10-08T13:09:08.056Z] Member Count Ready
[2021-10-08T13:09:08.072Z] Function firstMessage ignored
[2021-10-08T13:09:08.072Z] poll Ready!
[2021-10-08T13:09:08.097Z] No Errors Detected
[2021-10-08T13:11:42.033Z] Promise { <pending> }
[2021-10-08T13:11:42.053Z] [0m[90mHint: hit control+c anytime to enter REPL.[0m
[2021-10-08T13:11:42.070Z] ----------------
[2021-10-08T13:11:42.070Z] Loading
[2021-10-08T13:11:42.070Z] Starting Up
[2021-10-08T13:11:44.266Z] Private Message Ready!
[2021-10-08T13:11:44.267Z] Successfully connected.
[2021-10-08T13:11:44.275Z] Member Count Ready
[2021-10-08T13:11:44.275Z] Function firstMessage ignored
[2021-10-08T13:11:44.276Z] poll Ready!
[2021-10-08T13:11:44.276Z] No Errors Detected
[2021-10-08T13:12:13.758Z] Promise { <pending> }
[2021-10-08T13:12:13.771Z] [0m[90mHint: hit control+c anytime to enter REPL.[0m
[2021-10-08T13:12:13.772Z] ----------------
[2021-10-08T13:12:13.773Z] Loading
[2021-10-08T13:12:13.773Z] Starting Up
[2021-10-08T13:12:15.899Z] Private Message Ready!
[2021-10-08T13:12:15.907Z] Successfully connected.
[2021-10-08T13:12:15.917Z] Member Count Ready
[2021-10-08T13:12:15.917Z] Function firstMessage ignored
[2021-10-08T13:12:15.918Z] poll Ready!
[2021-10-08T13:12:15.918Z] No Errors Detected
[2021-10-08T13:12:36.443Z] Promise { <pending> }
[2021-10-08T13:12:36.512Z] [0m[90mHint: hit control+c anytime to enter REPL.[0m
[2021-10-08T13:12:36.518Z] ----------------
[2021-10-08T13:12:36.530Z] Loading
[2021-10-08T13:12:36.530Z] Starting Up
[2021-10-08T13:12:39.113Z] Private Message Ready!
[2021-10-08T13:12:39.113Z] Successfully connected.
[2021-10-08T13:12:39.132Z] Member Count Ready
[2021-10-08T13:12:39.132Z] Function firstMessage ignored
[2021-10-08T13:12:39.132Z] poll Ready!
[2021-10-08T13:12:39.132Z] No Errors Detected
[2021-10-08T13:13:21.968Z] Promise { <pending> }
[2021-10-08T13:13:22.035Z] [0m[90mHint: hit control+c anytime to enter REPL.[0m
[2021-10-08T13:13:22.043Z] ----------------
[2021-10-08T13:13:22.043Z] Loading
[2021-10-08T13:13:22.043Z] Starting Up
[2021-10-08T13:13:25.798Z] Private Message Ready!
[2021-10-08T13:13:25.808Z] Successfully connected.
[2021-10-08T13:13:25.810Z] Member Count Ready
[2021-10-08T13:13:25.810Z] Function firstMessage ignored
[2021-10-08T13:13:25.835Z] poll Ready!
[2021-10-08T13:13:25.835Z] No Errors Detected
[2021-10-08T13:14:16.401Z] Promise { <pending> }
[2021-10-08T13:14:16.429Z] [0m[90mHint: hit control+c anytime to enter REPL.[0m
[2021-10-08T13:14:16.468Z] ----------------
[2021-10-08T13:14:16.483Z] Loading
[2021-10-08T13:14:16.488Z] Starting Up
[2021-10-08T13:14:20.401Z] Private Message Ready!
[2021-10-08T13:14:20.457Z] Successfully connected.
[2021-10-08T13:14:20.525Z] Member Count Ready
[2021-10-08T13:14:20.525Z] Function firstMessage ignored
[2021-10-08T13:14:20.568Z] poll Ready!
[2021-10-08T13:14:20.568Z] No Errors Detected
[2021-10-08T13:15:00.403Z] Promise { <pending> }
[2021-10-08T13:15:00.465Z] [0m[90mHint: hit control+c anytime to enter REPL.[0m
[2021-10-08T13:15:00.509Z] ----------------
[2021-10-08T13:15:00.518Z] Loading
[2021-10-08T13:15:00.520Z] Starting Up
[2021-10-08T13:15:03.789Z] Private Message Ready!
[2021-10-08T13:15:03.789Z] Successfully connected.
[2021-10-08T13:15:03.821Z] Member Count Ready
[2021-10-08T13:15:03.821Z] Function firstMessage ignored
[2021-10-08T13:15:03.836Z] poll Ready!
[2021-10-08T13:15:03.849Z] No Errors Detected
[2021-10-08T13:15:07.897Z] MEE6 said :! 
[2021-10-08T13:16:07.884Z] Promise { <pending> }
[2021-10-08T13:16:07.933Z] [0m[90mHint: hit control+c anytime to enter REPL.[0m
[2021-10-08T13:16:07.962Z] ----------------
[2021-10-08T13:16:07.962Z] Loading
[2021-10-08T13:16:07.962Z] Starting Up
[2021-10-08T13:16:11.933Z] Private Message Ready!
[2021-10-08T13:16:11.940Z] Successfully connected.
[2021-10-08T13:16:11.949Z] Member Count Ready
[2021-10-08T13:16:11.950Z] Function firstMessage ignored
[2021-10-08T13:16:11.951Z] poll Ready!
[2021-10-08T13:16:11.951Z] No Errors Detected
[2021-10-08T13:17:54.097Z] Promise { <pending> }
[2021-10-08T13:17:54.292Z] [0m[90mHint: hit control+c anytime to enter REPL.[0m
[2021-10-08T13:17:54.293Z] ----------------
[2021-10-08T13:17:54.293Z] Loading
[2021-10-08T13:17:54.293Z] Starting Up
[2021-10-08T13:18:00.729Z] Private Message Ready!
[2021-10-08T13:18:00.750Z] Successfully connected.
[2021-10-08T13:18:00.754Z] Member Count Ready
[2021-10-08T13:18:00.754Z] Function firstMessage ignored
[2021-10-08T13:18:00.754Z] poll Ready!
[2021-10-08T13:18:00.754Z] No Errors Detected
[2021-10-08T13:19:09.657Z] Promise { <pending> }
[2021-10-08T13:19:09.875Z] [0m[90mHint: hit control+c anytime to enter REPL.[0m
[2021-10-08T13:19:09.929Z] ----------------
[2021-10-08T13:19:09.946Z] Loading
[2021-10-08T13:19:09.946Z] Starting Up
[2021-10-08T13:19:14.449Z] Private Message Ready!
[2021-10-08T13:19:14.458Z] Successfully connected.
[2021-10-08T13:19:14.471Z] Member Count Ready
[2021-10-08T13:19:14.472Z] Function firstMessage ignored
[2021-10-08T13:19:14.476Z] poll Ready!
[2021-10-08T13:19:14.476Z] No Errors Detected
[2021-10-08T13:21:37.229Z] Promise { <pending> }
[2021-10-08T13:21:37.317Z] [0m[90mHint: hit control+c anytime to enter REPL.[0m
[2021-10-08T13:21:37.328Z] ----------------
[2021-10-08T13:21:37.352Z] Loading
[2021-10-08T13:21:37.352Z] Starting Up
[2021-10-08T13:21:40.879Z] Private Message Ready!
[2021-10-08T13:21:40.880Z] Successfully connected.
[2021-10-08T13:21:40.897Z] Member Count Ready
[2021-10-08T13:21:40.897Z] Function firstMessage ignored
[2021-10-08T13:21:40.899Z] poll Ready!
[2021-10-08T13:21:40.899Z] No Errors Detected
[2021-10-08T13:22:06.718Z] Promise { <pending> }
[2021-10-08T13:22:06.728Z] [0m[90mHint: hit control+c anytime to enter REPL.[0m
[2021-10-08T13:22:06.729Z] ----------------
[2021-10-08T13:22:06.729Z] Loading
[2021-10-08T13:22:06.729Z] Starting Up
[2021-10-08T13:22:10.149Z] Private Message Ready!
[2021-10-08T13:22:10.169Z] Successfully connected.
[2021-10-08T13:22:10.179Z] Member Count Ready
[2021-10-08T13:22:10.179Z] Function firstMessage ignored
[2021-10-08T13:22:10.179Z] poll Ready!
[2021-10-08T13:22:10.179Z] No Errors Detected
[2021-10-08T13:22:49.343Z] Promise { <pending> }
[2021-10-08T13:22:49.356Z] [0m[90mHint: hit control+c anytime to enter REPL.[0m
[2021-10-08T13:22:49.357Z] ----------------
[2021-10-08T13:22:49.357Z] Loading
[2021-10-08T13:22:49.357Z] Starting Up
[2021-10-08T13:22:51.570Z] Private Message Ready!
[2021-10-08T13:22:51.571Z] Successfully connected.
[2021-10-08T13:22:51.585Z] Member Count Ready
[2021-10-08T13:22:51.586Z] Function firstMessage ignored
[2021-10-08T13:22:51.598Z] poll Ready!
[2021-10-08T13:22:51.599Z] No Errors Detected
[2021-10-08T13:23:07.630Z] Promise { <pending> }
[2021-10-08T13:23:07.745Z] [0m[90mHint: hit control+c anytime to enter REPL.[0m
[2021-10-08T13:23:07.780Z] ----------------
[2021-10-08T13:23:07.780Z] Loading
[2021-10-08T13:23:07.780Z] Starting Up
[2021-10-08T13:23:14.749Z] Private Message Ready!
[2021-10-08T13:23:14.749Z] Successfully connected.
[2021-10-08T13:23:14.781Z] Member Count Ready
[2021-10-08T13:23:14.782Z] Function firstMessage ignored
[2021-10-08T13:23:14.782Z] poll Ready!
[2021-10-08T13:23:14.800Z] No Errors Detected
[2021-10-08T13:24:06.223Z] Promise { <pending> }
[2021-10-08T13:24:06.285Z] [0m[90mHint: hit control+c anytime to enter REPL.[0m
[2021-10-08T13:24:06.286Z] ----------------
[2021-10-08T13:24:06.297Z] Loading
[2021-10-08T13:24:06.297Z] Starting Up
[2021-10-08T13:24:08.382Z] Private Message Ready!
[2021-10-08T13:24:08.383Z] Successfully connected.
[2021-10-08T13:24:08.395Z] Member Count Ready
[2021-10-08T13:24:08.398Z] Function firstMessage ignored
[2021-10-08T13:24:08.399Z] poll Ready!
[2021-10-08T13:24:08.399Z] No Errors Detected
[2021-10-08T13:27:11.793Z] Promise { <pending> }
[2021-10-08T13:27:12.275Z] [0m[90mHint: hit control+c anytime to enter REPL.[0m
[2021-10-08T13:27:12.334Z] ----------------
[2021-10-08T13:27:12.334Z] Loading
[2021-10-08T13:27:12.334Z] Starting Up
[2021-10-08T13:27:18.212Z] Private Message Ready!
[2021-10-08T13:27:18.250Z] Successfully connected.
[2021-10-08T13:27:18.315Z] Member Count Ready
[2021-10-08T13:27:18.315Z] Function firstMessage ignored
[2021-10-08T13:27:18.315Z] poll Ready!
[2021-10-08T13:27:18.316Z] No Errors Detected
[2021-10-08T13:28:15.181Z] Promise { <pending> }
[2021-10-08T13:28:15.225Z] [0m[90mHint: hit control+c anytime to enter REPL.[0m
[2021-10-08T13:28:15.247Z] ----------------
[2021-10-08T13:28:15.247Z] Loading
[2021-10-08T13:28:15.247Z] Starting Up
[2021-10-08T13:28:18.630Z] Private Message Ready!
[2021-10-08T13:28:18.640Z] Successfully connected.
[2021-10-08T13:28:18.664Z] Member Count Ready
[2021-10-08T13:28:18.664Z] Function firstMessage ignored
[2021-10-08T13:28:18.664Z] poll Ready!
[2021-10-08T13:28:18.664Z] No Errors Detected
[2021-10-08T13:30:53.695Z] Promise { <pending> }
[2021-10-08T13:30:53.740Z] [0m[90mHint: hit control+c anytime to enter REPL.[0m
[2021-10-08T13:30:53.741Z] ----------------
[2021-10-08T13:30:53.741Z] Loading
[2021-10-08T13:30:53.741Z] Starting Up
[2021-10-08T13:30:56.393Z] Private Message Ready!
[2021-10-08T13:30:56.394Z] Successfully connected.
[2021-10-08T13:30:56.402Z] Member Count Ready
[2021-10-08T13:30:56.402Z] Function firstMessage ignored
[2021-10-08T13:30:56.408Z] poll Ready!
[2021-10-08T13:30:56.408Z] No Errors Detected
[2021-10-08T13:36:47.015Z] Promise { <pending> }
[2021-10-08T13:36:47.020Z] [0m[90mHint: hit control+c anytime to enter REPL.[0m
[2021-10-08T13:36:47.024Z] ----------------
[2021-10-08T13:36:47.024Z] Loading
[2021-10-08T13:36:47.025Z] Starting Up
[2021-10-08T13:36:48.229Z] Private Message Ready!
[2021-10-08T13:36:48.229Z] Successfully connected.
[2021-10-08T13:36:48.243Z] Member Count Ready
[2021-10-08T13:36:48.243Z] Function firstMessage ignored
[2021-10-08T13:36:48.244Z] poll Ready!
[2021-10-08T13:36:48.244Z] No Errors Detected
[2021-10-08T13:41:12.594Z] Promise { <pending> }
[2021-10-08T13:41:12.612Z] [0m[90mHint: hit control+c anytime to enter REPL.[0m
[2021-10-08T13:41:12.616Z] ----------------
[2021-10-08T13:41:12.616Z] Loading
[2021-10-08T13:41:12.617Z] Starting Up
[2021-10-08T13:41:13.751Z] Private Message Ready!
[2021-10-08T13:41:13.764Z] Successfully connected.
[2021-10-08T13:41:13.784Z] Member Count Ready
[2021-10-08T13:41:13.787Z] Function firstMessage ignored
[2021-10-08T13:41:13.788Z] poll Ready!
[2021-10-08T13:41:13.788Z] No Errors Detected
[2021-10-08T13:47:00.059Z] Promise { <pending> }
[2021-10-08T13:47:00.092Z] [0m[90mHint: hit control+c anytime to enter REPL.[0m
[2021-10-08T13:47:00.096Z] ----------------
[2021-10-08T13:47:00.096Z] Loading
[2021-10-08T13:47:00.096Z] Starting Up
[2021-10-08T13:47:01.011Z] Private Message Ready!
[2021-10-08T13:47:01.012Z] Successfully connected.
[2021-10-08T13:47:01.014Z] Member Count Ready
[2021-10-08T13:47:01.014Z] Function firstMessage ignored
[2021-10-08T13:47:01.015Z] poll Ready!
[2021-10-08T13:47:01.015Z] No Errors Detected
[2021-10-08T13:47:30.931Z] Promise { <pending> }
[2021-10-08T13:47:30.956Z] [0m[90mHint: hit control+c anytime to enter REPL.[0m
[2021-10-08T13:47:30.962Z] ----------------
[2021-10-08T13:47:30.968Z] Loading
[2021-10-08T13:47:30.969Z] Starting Up
[2021-10-08T13:47:32.041Z] Private Message Ready!
[2021-10-08T13:47:32.041Z] Successfully connected.
[2021-10-08T13:47:32.043Z] Member Count Ready
[2021-10-08T13:47:32.044Z] Function firstMessage ignored
[2021-10-08T13:47:32.045Z] poll Ready!
[2021-10-08T13:47:32.045Z] No Errors Detected
[2021-10-08T13:48:31.322Z] Promise { <pending> }
[2021-10-08T13:48:31.330Z] [0m[90mHint: hit control+c anytime to enter REPL.[0m
[2021-10-08T13:48:31.330Z] ----------------
[2021-10-08T13:48:31.331Z] Loading
[2021-10-08T13:48:31.331Z] Starting Up
[2021-10-08T13:48:32.374Z] Private Message Ready!
[2021-10-08T13:48:32.375Z] Successfully connected.
[2021-10-08T13:48:32.377Z] Member Count Ready
[2021-10-08T13:48:32.377Z] Function firstMessage ignored
[2021-10-08T13:48:32.378Z] poll Ready!
[2021-10-08T13:48:32.378Z] No Errors Detected
[2021-10-08T13:48:54.678Z] Promise { <pending> }
[2021-10-08T13:48:54.694Z] [0m[90mHint: hit control+c anytime to enter REPL.[0m
[2021-10-08T13:48:54.697Z] ----------------
[2021-10-08T13:48:54.697Z] Loading
[2021-10-08T13:48:54.697Z] Starting Up
[2021-10-08T13:48:56.260Z] Private Message Ready!
[2021-10-08T13:48:56.260Z] Successfully connected.
[2021-10-08T13:48:56.264Z] Member Count Ready
[2021-10-08T13:48:56.266Z] Function firstMessage ignored
[2021-10-08T13:48:56.266Z] poll Ready!
[2021-10-08T13:48:56.266Z] No Errors Detected
[2021-10-08T13:49:22.797Z] Promise { <pending> }
[2021-10-08T13:49:22.837Z] [0m[90mHint: hit control+c anytime to enter REPL.[0m
[2021-10-08T13:49:22.838Z] ----------------
[2021-10-08T13:49:22.850Z] Loading
[2021-10-08T13:49:22.850Z] Starting Up
[2021-10-08T13:49:24.014Z] Private Message Ready!
[2021-10-08T13:49:24.015Z] Successfully connected.
[2021-10-08T13:49:24.027Z] Member Count Ready
[2021-10-08T13:49:24.027Z] Function firstMessage ignored
[2021-10-08T13:49:24.027Z] poll Ready!
[2021-10-08T13:49:24.027Z] No Errors Detected
[2021-10-08T13:49:47.379Z] Promise { <pending> }
[2021-10-08T13:49:47.400Z] [0m[90mHint: hit control+c anytime to enter REPL.[0m
[2021-10-08T13:49:47.402Z] ----------------
[2021-10-08T13:49:47.407Z] Loading
[2021-10-08T13:49:47.407Z] Starting Up
[2021-10-08T13:49:48.503Z] Private Message Ready!
[2021-10-08T13:49:48.505Z] Successfully connected.
[2021-10-08T13:49:48.512Z] Member Count Ready
[2021-10-08T13:49:48.512Z] Function firstMessage ignored
[2021-10-08T13:49:48.512Z] poll Ready!
[2021-10-08T13:49:48.512Z] No Errors Detected
[2021-10-08T13:49:58.609Z] Promise { <pending> }
[2021-10-08T13:49:58.645Z] [0m[90mHint: hit control+c anytime to enter REPL.[0m
[2021-10-08T13:49:58.646Z] ----------------
[2021-10-08T13:49:58.646Z] Loading
[2021-10-08T13:49:58.646Z] Starting Up
[2021-10-08T13:49:59.717Z] Private Message Ready!
[2021-10-08T13:49:59.717Z] Successfully connected.
[2021-10-08T13:49:59.718Z] Member Count Ready
[2021-10-08T13:49:59.726Z] Function firstMessage ignored
[2021-10-08T13:49:59.727Z] poll Ready!
[2021-10-08T13:49:59.727Z] No Errors Detected
[2021-10-08T14:06:18.297Z] HackerX said :! <@!608207078481199115> mpes
[2021-10-08T14:06:18.302Z] Sent Message
[2021-10-08T14:06:18.608Z] HackerX Bot said :! 
[2021-10-08T14:06:18.626Z] HackerX said :! <@!608207078481199115> mpes
[2021-10-08T14:06:18.627Z] Sent Message
[2021-10-08T14:06:18.767Z] HackerX Bot said :! 
[2021-10-08T14:06:19.017Z] HackerX said :! <@!608207078481199115> mpes
[2021-10-08T14:06:19.018Z] Sent Message
[2021-10-08T14:06:19.111Z] HackerX Bot said :! 
[2021-10-08T14:06:19.409Z] HackerX said :! <@!608207078481199115> mpes
[2021-10-08T14:06:19.410Z] Sent Message
[2021-10-08T14:06:19.525Z] HackerX Bot said :! 
[2021-10-08T14:06:19.910Z] HackerX said :! <@!608207078481199115> mpes
[2021-10-08T14:06:19.911Z] Sent Message
[2021-10-08T14:06:20.036Z] HackerX Bot said :! 
[2021-10-08T14:06:20.362Z] HackerX said :! <@!608207078481199115> mpes
[2021-10-08T14:06:20.363Z] Sent Message
[2021-10-08T14:06:20.948Z] HackerX said :! <@!608207078481199115> mpes
[2021-10-08T14:06:20.951Z] Sent Message
[2021-10-08T14:06:21.190Z] HackerX said :! <@!608207078481199115> mpes
[2021-10-08T14:06:21.192Z] Sent Message
[2021-10-08T14:06:21.686Z] HackerX said :! <@!608207078481199115> mpes
[2021-10-08T14:06:21.687Z] Sent Message
[2021-10-08T14:06:22.048Z] HackerX said :! <@!608207078481199115> mpes
[2021-10-08T14:06:22.048Z] Sent Message
[2021-10-08T14:06:24.741Z] HackerX Bot said :! 
[2021-10-08T14:06:24.846Z] HackerX Bot said :! 
[2021-10-08T14:06:24.945Z] HackerX Bot said :! 
[2021-10-08T14:06:25.081Z] HackerX Bot said :! 
[2021-10-08T14:06:25.234Z] HackerX Bot said :! 
[2021-10-08T14:06:28.459Z] HackerX said :! <@!608207078481199115> mpes
[2021-10-08T14:06:28.459Z] Sent Message
[2021-10-08T14:06:28.765Z] HackerX said :! <@!608207078481199115> mpes
[2021-10-08T14:06:28.766Z] Sent Message
[2021-10-08T14:06:29.030Z] HackerX said :! <@!608207078481199115> mpes
[2021-10-08T14:06:29.030Z] Sent Message
[2021-10-08T14:06:29.268Z] HackerX said :! <@!608207078481199115> mpes
[2021-10-08T14:06:29.269Z] Sent Message
[2021-10-08T14:06:29.579Z] HackerX said :! <@!608207078481199115> mpes
[2021-10-08T14:06:29.579Z] Sent Message
[2021-10-08T14:06:29.878Z] HackerX said :! <@!608207078481199115> mpes
[2021-10-08T14:06:29.879Z] Sent Message
[2021-10-08T14:06:30.147Z] HackerX said :! <@!608207078481199115> mpes-dm <@!608207078481199115> mpes-dm <@!608207078481199115> mpes
[2021-10-08T14:06:30.147Z] Sent Message
[2021-10-08T14:06:30.831Z] HackerX Bot said :! 
[2021-10-08T14:06:30.951Z] HackerX Bot said :! 
[2021-10-08T14:06:31.081Z] HackerX Bot said :! 
[2021-10-08T14:06:31.193Z] HackerX Bot said :! 
[2021-10-08T14:06:31.325Z] HackerX Bot said :! 
[2021-10-08T14:06:36.984Z] HackerX Bot said :! 
[2021-10-08T14:06:37.108Z] HackerX Bot said :! <@!608207078481199115> mpes-dm <@!608207078481199115> mpes
[2021-10-08T14:11:28.489Z] Promise { <pending> }
[2021-10-08T14:11:28.501Z] [0m[90mHint: hit control+c anytime to enter REPL.[0m
[2021-10-08T14:11:28.504Z] ----------------
[2021-10-08T14:11:28.506Z] Loading
[2021-10-08T14:11:28.509Z] Starting Up
[2021-10-08T14:11:29.560Z] Private Message Ready!
[2021-10-08T14:11:29.560Z] Successfully connected.
[2021-10-08T14:11:29.568Z] Member Count Ready
[2021-10-08T14:11:29.569Z] Function firstMessage ignored
[2021-10-08T14:11:29.569Z] poll Ready!
[2021-10-08T14:11:29.569Z] No Errors Detected
[2021-10-08T14:13:36.508Z] HackerX said :! 
[2021-10-08T14:13:36.526Z] Commands Sent
[2021-10-08T14:13:36.637Z] HackerX Bot said :! 
[2021-10-08T14:15:08.508Z] MEE6 said :! 
[2021-10-08T14:15:26.765Z] Promise { <pending> }
[2021-10-08T14:15:26.775Z] [0m[90mHint: hit control+c anytime to enter REPL.[0m
[2021-10-08T14:15:26.778Z] ----------------
[2021-10-08T14:15:26.781Z] Loading
[2021-10-08T14:15:26.783Z] Starting Up
[2021-10-08T14:15:27.787Z] Private Message Ready!
[2021-10-08T14:15:27.789Z] Successfully connected.
[2021-10-08T14:15:27.792Z] Member Count Ready
[2021-10-08T14:15:27.792Z] Function firstMessage ignored
[2021-10-08T14:15:27.792Z] poll Ready!
[2021-10-08T14:15:27.792Z] No Errors Detected
[2021-10-08T14:16:22.331Z] Promise { <pending> }
[2021-10-08T14:16:22.345Z] [0m[90mHint: hit control+c anytime to enter REPL.[0m
[2021-10-08T14:16:22.346Z] ----------------
[2021-10-08T14:16:22.346Z] Loading
[2021-10-08T14:16:22.346Z] Starting Up
[2021-10-08T14:16:24.137Z] Private Message Ready!
[2021-10-08T14:16:24.137Z] Successfully connected.
[2021-10-08T14:16:24.149Z] Member Count Ready
[2021-10-08T14:16:24.149Z] Function firstMessage ignored
[2021-10-08T14:16:24.149Z] poll Ready!
[2021-10-08T14:16:24.149Z] No Errors Detected
[2021-10-08T14:20:19.982Z] Promise { <pending> }
[2021-10-08T14:20:19.993Z] [0m[90mHint: hit control+c anytime to enter REPL.[0m
[2021-10-08T14:20:19.994Z] ----------------
[2021-10-08T14:20:19.994Z] Loading
[2021-10-08T14:20:19.994Z] Starting Up
[2021-10-08T14:20:21.097Z] Private Message Ready!
[2021-10-08T14:20:21.101Z] Successfully connected.
[2021-10-08T14:20:21.107Z] Member Count Ready
[2021-10-08T14:20:21.107Z] Function firstMessage ignored
[2021-10-08T14:20:21.107Z] poll Ready!
[2021-10-08T14:20:21.107Z] No Errors Detected
[2021-10-08T14:21:39.429Z] Promise { <pending> }
[2021-10-08T14:21:39.433Z] [0m[90mHint: hit control+c anytime to enter REPL.[0m
[2021-10-08T14:21:39.434Z] ----------------
[2021-10-08T14:21:39.434Z] Loading
[2021-10-08T14:21:39.434Z] Starting Up
[2021-10-08T14:21:40.369Z] Private Message Ready!
[2021-10-08T14:21:40.370Z] Successfully connected.
[2021-10-08T14:21:40.374Z] Member Count Ready
[2021-10-08T14:21:40.374Z] Function firstMessage ignored
[2021-10-08T14:21:40.374Z] poll Ready!
[2021-10-08T14:21:40.374Z] No Errors Detected
[2021-10-09T19:56:49.570Z] Promise { <pending> }
[2021-10-09T19:56:49.574Z] [0m[90mHint: hit control+c anytime to enter REPL.[0m
[2021-10-09T19:56:49.575Z] ----------------
[2021-10-09T19:56:49.575Z] Loading
[2021-10-09T19:56:49.575Z] Starting Up
[2021-10-09T19:56:50.398Z] Private Message Ready!
[2021-10-09T19:56:50.398Z] Successfully connected.
[2021-10-09T19:56:50.399Z] Member Count Ready
[2021-10-09T19:56:50.399Z] Function firstMessage ignored
[2021-10-09T19:56:50.400Z] poll Ready!
[2021-10-09T19:56:50.400Z] No Errors Detected
[2021-10-09T19:58:18.901Z] MEE6 said :! 
[2021-10-09T20:10:54.944Z] MEE6 said :! 
[2021-10-09T20:51:04.016Z] MEE6 said :! 
[2021-10-09T21:33:11.249Z] MEE6 said :! 
[2021-10-09T21:35:43.587Z] Promise { <pending> }
[2021-10-09T21:35:43.595Z] [0m[90mHint: hit control+c anytime to enter REPL.[0m
[2021-10-09T21:35:43.596Z] ----------------
[2021-10-09T21:35:43.596Z] Loading
[2021-10-09T21:35:43.596Z] Starting Up
[2021-10-09T21:35:44.690Z] Private Message Ready!
[2021-10-09T21:35:44.703Z] Successfully connected.
[2021-10-09T21:35:44.704Z] Member Count Ready
[2021-10-09T21:35:44.704Z] Function firstMessage ignored
[2021-10-09T21:35:44.704Z] poll Ready!
[2021-10-09T21:35:44.704Z] No Errors Detected
[2021-10-09T21:36:08.492Z] Promise { <pending> }
[2021-10-09T21:36:08.501Z] [0m[90mHint: hit control+c anytime to enter REPL.[0m
[2021-10-09T21:36:08.502Z] ----------------
[2021-10-09T21:36:08.502Z] Loading
[2021-10-09T21:36:08.502Z] Starting Up
[2021-10-09T21:36:09.463Z] Private Message Ready!
[2021-10-09T21:36:09.464Z] Successfully connected.
[2021-10-09T21:36:09.467Z] Member Count Ready
[2021-10-09T21:36:09.467Z] Function firstMessage ignored
[2021-10-09T21:36:09.467Z] poll Ready!
[2021-10-09T21:36:09.467Z] No Errors Detected
[2021-10-09T21:38:37.091Z] Promise { <pending> }
[2021-10-09T21:38:37.098Z] [0m[90mHint: hit control+c anytime to enter REPL.[0m
[2021-10-09T21:38:37.099Z] ----------------
[2021-10-09T21:38:37.099Z] Loading
[2021-10-09T21:38:37.101Z] Starting Up
[2021-10-09T21:38:37.925Z] Private Message Ready!
[2021-10-09T21:38:37.925Z] Successfully connected.
[2021-10-09T21:38:37.927Z] Member Count Ready
[2021-10-09T21:38:37.928Z] Function firstMessage ignored
[2021-10-09T21:38:37.928Z] poll Ready!
[2021-10-09T21:38:37.928Z] No Errors Detected
[2021-10-09T21:38:49.976Z] Promise { <pending> }
[2021-10-09T21:38:49.994Z] [0m[90mHint: hit control+c anytime to enter REPL.[0m
[2021-10-09T21:38:50.008Z] ----------------
[2021-10-09T21:38:50.008Z] Loading
[2021-10-09T21:38:50.008Z] Starting Up
[2021-10-09T21:38:51.131Z] Private Message Ready!
[2021-10-09T21:38:51.132Z] Successfully connected.
[2021-10-09T21:38:51.136Z] Member Count Ready
[2021-10-09T21:38:51.136Z] Function firstMessage ignored
[2021-10-09T21:38:51.136Z] poll Ready!
[2021-10-09T21:38:51.136Z] No Errors Detected
[2021-10-09T21:39:35.992Z] Promise { <pending> }
[2021-10-09T21:39:36.019Z] [0m[90mHint: hit control+c anytime to enter REPL.[0m
[2021-10-09T21:39:36.020Z] ----------------
[2021-10-09T21:39:36.020Z] Loading
[2021-10-09T21:39:36.020Z] Starting Up
[2021-10-09T21:39:37.362Z] Private Message Ready!
[2021-10-09T21:39:37.363Z] Successfully connected.
[2021-10-09T21:39:37.364Z] Member Count Ready
[2021-10-09T21:39:37.384Z] Function firstMessage ignored
[2021-10-09T21:39:37.384Z] poll Ready!
[2021-10-09T21:39:37.384Z] No Errors Detected
[2021-10-09T21:39:40.548Z] Promise { <pending> }
[2021-10-09T21:39:40.588Z] [0m[90mHint: hit control+c anytime to enter REPL.[0m
[2021-10-09T21:39:40.598Z] ----------------
[2021-10-09T21:39:40.606Z] Loading
[2021-10-09T21:39:40.606Z] Starting Up
[2021-10-09T21:39:47.514Z] Private Message Ready!
[2021-10-09T21:39:47.514Z] Successfully connected.
[2021-10-09T21:39:47.527Z] Member Count Ready
[2021-10-09T21:39:47.527Z] Function firstMessage ignored
[2021-10-09T21:39:47.540Z] poll Ready!
[2021-10-09T21:39:47.541Z] No Errors Detected
[2021-10-09T21:41:59.484Z] Promise { <pending> }
[2021-10-09T21:41:59.497Z] [0m[90mHint: hit control+c anytime to enter REPL.[0m
[2021-10-09T21:41:59.497Z] ----------------
[2021-10-09T21:41:59.497Z] Loading
[2021-10-09T21:41:59.497Z] Starting Up
[2021-10-09T21:42:00.866Z] Private Message Ready!
[2021-10-09T21:42:00.868Z] Successfully connected.
[2021-10-09T21:42:00.891Z] Member Count Ready
[2021-10-09T21:42:00.891Z] Function firstMessage ignored
[2021-10-09T21:42:00.896Z] poll Ready!
[2021-10-09T21:42:00.896Z] No Errors Detected
[2021-10-09T21:42:51.787Z] Promise { <pending> }
[2021-10-09T21:42:51.799Z] [0m[90mHint: hit control+c anytime to enter REPL.[0m
[2021-10-09T21:42:51.800Z] ----------------
[2021-10-09T21:42:51.800Z] Loading
[2021-10-09T21:42:51.800Z] Starting Up
[2021-10-09T21:42:53.133Z] Private Message Ready!
[2021-10-09T21:42:53.134Z] Successfully connected.
[2021-10-09T21:42:53.143Z] Member Count Ready
[2021-10-09T21:42:53.143Z] Function firstMessage ignored
[2021-10-09T21:42:53.143Z] poll Ready!
[2021-10-09T21:42:53.144Z] No Errors Detected
[2021-10-09T21:43:49.829Z] Promise { <pending> }
[2021-10-09T21:43:49.844Z] [0m[90mHint: hit control+c anytime to enter REPL.[0m
[2021-10-09T21:43:49.845Z] ----------------
[2021-10-09T21:43:49.845Z] Loading
[2021-10-09T21:43:49.845Z] Starting Up
[2021-10-09T21:43:50.677Z] Private Message Ready!
[2021-10-09T21:43:50.678Z] Successfully connected.
[2021-10-09T21:43:50.680Z] Member Count Ready
[2021-10-09T21:43:50.680Z] Function firstMessage ignored
[2021-10-09T21:43:50.680Z] poll Ready!
[2021-10-09T21:43:50.680Z] No Errors Detected
[2021-10-09T21:50:37.502Z] Promise { <pending> }
[2021-10-09T21:50:37.512Z] [0m[90mHint: hit control+c anytime to enter REPL.[0m
[2021-10-09T21:50:37.515Z] ----------------
[2021-10-09T21:50:37.515Z] Loading
[2021-10-09T21:50:37.515Z] Starting Up
[2021-10-09T21:50:38.437Z] Private Message Ready!
[2021-10-09T21:50:38.437Z] Successfully connected.
[2021-10-09T21:50:38.443Z] Member Count Ready
[2021-10-09T21:50:38.443Z] Function firstMessage ignored
[2021-10-09T21:50:38.444Z] poll Ready!
[2021-10-09T21:50:38.444Z] No Errors Detected
[2021-10-09T21:51:05.554Z] Promise { <pending> }
[2021-10-09T21:51:05.581Z] [0m[90mHint: hit control+c anytime to enter REPL.[0m
[2021-10-09T21:51:05.582Z] ----------------
[2021-10-09T21:51:05.582Z] Loading
[2021-10-09T21:51:05.582Z] Starting Up
[2021-10-09T21:51:06.431Z] Private Message Ready!
[2021-10-09T21:51:06.434Z] Successfully connected.
[2021-10-09T21:51:06.441Z] Member Count Ready
[2021-10-09T21:51:06.441Z] Function firstMessage ignored
[2021-10-09T21:51:06.445Z] poll Ready!
[2021-10-09T21:51:06.449Z] No Errors Detected
[2021-10-09T21:51:24.754Z] Promise { <pending> }
[2021-10-09T21:51:24.764Z] [0m[90mHint: hit control+c anytime to enter REPL.[0m
[2021-10-09T21:51:24.765Z] ----------------
[2021-10-09T21:51:24.765Z] Loading
[2021-10-09T21:51:24.765Z] Starting Up
[2021-10-09T21:51:25.802Z] Private Message Ready!
[2021-10-09T21:51:25.802Z] Successfully connected.
[2021-10-09T21:51:25.808Z] Member Count Ready
[2021-10-09T21:51:25.808Z] Function firstMessage ignored
[2021-10-09T21:51:25.808Z] poll Ready!
[2021-10-09T21:51:25.809Z] No Errors Detected
[2021-10-09T21:51:51.019Z] Promise { <pending> }
[2021-10-09T21:51:51.040Z] [0m[90mHint: hit control+c anytime to enter REPL.[0m
[2021-10-09T21:51:51.045Z] ----------------
[2021-10-09T21:51:51.045Z] Loading
[2021-10-09T21:51:51.045Z] Starting Up
[2021-10-09T21:51:52.957Z] Private Message Ready!
[2021-10-09T21:51:52.958Z] Successfully connected.
[2021-10-09T21:51:52.961Z] Member Count Ready
[2021-10-09T21:51:52.961Z] Function firstMessage ignored
[2021-10-09T21:51:52.961Z] poll Ready!
[2021-10-09T21:51:52.961Z] No Errors Detected
[2021-10-09T21:52:44.254Z] Promise { <pending> }
[2021-10-09T21:52:44.269Z] [0m[90mHint: hit control+c anytime to enter REPL.[0m
[2021-10-09T21:52:44.271Z] ----------------
[2021-10-09T21:52:44.271Z] Loading
[2021-10-09T21:52:44.271Z] Starting Up
[2021-10-09T21:52:45.485Z] Private Message Ready!
[2021-10-09T21:52:45.485Z] Successfully connected.
[2021-10-09T21:52:45.491Z] Member Count Ready
[2021-10-09T21:52:45.502Z] Function firstMessage ignored
[2021-10-09T21:52:45.503Z] poll Ready!
[2021-10-09T21:52:45.503Z] No Errors Detected
[2021-10-09T21:54:52.070Z] Promise { <pending> }
[2021-10-09T21:54:52.109Z] [0m[90mHint: hit control+c anytime to enter REPL.[0m
[2021-10-09T21:54:52.115Z] ----------------
[2021-10-09T21:54:52.115Z] Loading
[2021-10-09T21:54:52.122Z] Starting Up
[2021-10-09T21:54:53.503Z] Private Message Ready!
[2021-10-09T21:54:53.503Z] Successfully connected.
[2021-10-09T21:54:53.506Z] Member Count Ready
[2021-10-09T21:54:53.511Z] Function firstMessage ignored
[2021-10-09T21:54:53.512Z] poll Ready!
[2021-10-09T21:54:53.512Z] No Errors Detected
[2021-10-09T21:55:12.344Z] Promise { <pending> }
[2021-10-09T21:55:12.347Z] [0m[90mHint: hit control+c anytime to enter REPL.[0m
[2021-10-09T21:55:12.348Z] ----------------
[2021-10-09T21:55:12.348Z] Loading
[2021-10-09T21:55:12.348Z] Starting Up
[2021-10-09T21:55:13.064Z] Private Message Ready!
[2021-10-09T21:55:13.064Z] Successfully connected.
[2021-10-09T21:55:13.065Z] Member Count Ready
[2021-10-09T21:55:13.067Z] Function firstMessage ignored
[2021-10-09T21:55:13.067Z] poll Ready!
[2021-10-09T21:55:13.067Z] No Errors Detected
[2021-10-09T21:55:47.806Z] Promise { <pending> }
[2021-10-09T21:55:47.811Z] [0m[90mHint: hit control+c anytime to enter REPL.[0m
[2021-10-09T21:55:47.812Z] ----------------
[2021-10-09T21:55:47.812Z] Loading
[2021-10-09T21:55:47.812Z] Starting Up
[2021-10-09T21:55:48.920Z] Private Message Ready!
[2021-10-09T21:55:48.921Z] Successfully connected.
[2021-10-09T21:55:48.924Z] Member Count Ready
[2021-10-09T21:55:48.924Z] Function firstMessage ignored
[2021-10-09T21:55:48.925Z] poll Ready!
[2021-10-09T21:55:48.925Z] No Errors Detected
[2021-10-09T21:56:25.292Z] Promise { <pending> }
[2021-10-09T21:56:25.299Z] [0m[90mHint: hit control+c anytime to enter REPL.[0m
[2021-10-09T21:56:25.300Z] ----------------
[2021-10-09T21:56:25.301Z] Loading
[2021-10-09T21:56:25.301Z] Starting Up
[2021-10-09T21:56:26.019Z] Private Message Ready!
[2021-10-09T21:56:26.020Z] Successfully connected.
[2021-10-09T21:56:26.022Z] Member Count Ready
[2021-10-09T21:56:26.022Z] Function firstMessage ignored
[2021-10-09T21:56:26.022Z] poll Ready!
[2021-10-09T21:56:26.022Z] No Errors Detected
[2021-10-09T21:58:12.328Z] Promise { <pending> }
[2021-10-09T21:58:12.385Z] [0m[90mHint: hit control+c anytime to enter REPL.[0m
[2021-10-09T21:58:12.386Z] ----------------
[2021-10-09T21:58:12.386Z] Loading
[2021-10-09T21:58:12.386Z] Starting Up
[2021-10-09T21:58:13.200Z] Private Message Ready!
[2021-10-09T21:58:13.200Z] Successfully connected.
[2021-10-09T21:58:13.201Z] Member Count Ready
[2021-10-09T21:58:13.202Z] Function firstMessage ignored
[2021-10-09T21:58:13.202Z] poll Ready!
[2021-10-09T21:58:13.202Z] No Errors Detected
[2021-10-09T21:58:45.285Z] Promise { <pending> }
[2021-10-09T21:58:45.291Z] [0m[90mHint: hit control+c anytime to enter REPL.[0m
[2021-10-09T21:58:45.293Z] ----------------
[2021-10-09T21:58:45.293Z] Loading
[2021-10-09T21:58:45.293Z] Starting Up
[2021-10-09T21:58:46.053Z] Private Message Ready!
[2021-10-09T21:58:46.054Z] Successfully connected.
[2021-10-09T21:58:46.055Z] Member Count Ready
[2021-10-09T21:58:46.055Z] Function firstMessage ignored
[2021-10-09T21:58:46.056Z] poll Ready!
[2021-10-09T21:58:46.056Z] No Errors Detected
[2021-10-09T21:59:36.548Z] Promise { <pending> }
[2021-10-09T21:59:36.562Z] [0m[90mHint: hit control+c anytime to enter REPL.[0m
[2021-10-09T21:59:36.593Z] ----------------
[2021-10-09T21:59:36.595Z] Loading
[2021-10-09T21:59:36.596Z] Starting Up
[2021-10-09T21:59:37.480Z] Private Message Ready!
[2021-10-09T21:59:37.482Z] Successfully connected.
[2021-10-09T21:59:37.484Z] Member Count Ready
[2021-10-09T21:59:37.490Z] Function firstMessage ignored
[2021-10-09T21:59:37.490Z] poll Ready!
[2021-10-09T21:59:37.490Z] No Errors Detected
[2021-10-09T22:00:14.254Z] Promise { <pending> }
[2021-10-09T22:00:14.270Z] [0m[90mHint: hit control+c anytime to enter REPL.[0m
[2021-10-09T22:00:14.270Z] ----------------
[2021-10-09T22:00:14.270Z] Loading
[2021-10-09T22:00:14.271Z] Starting Up
[2021-10-09T22:00:15.648Z] Private Message Ready!
[2021-10-09T22:00:15.648Z] Successfully connected.
[2021-10-09T22:00:15.649Z] Member Count Ready
[2021-10-09T22:00:15.649Z] Function firstMessage ignored
[2021-10-09T22:00:15.649Z] poll Ready!
[2021-10-09T22:00:15.649Z] No Errors Detected
[2021-10-09T22:04:11.828Z] Promise { <pending> }
[2021-10-09T22:04:11.834Z] [0m[90mHint: hit control+c anytime to enter REPL.[0m
[2021-10-09T22:04:11.835Z] ----------------
[2021-10-09T22:04:11.835Z] Loading
[2021-10-09T22:04:11.835Z] Starting Up
[2021-10-09T22:04:12.756Z] Private Message Ready!
[2021-10-09T22:04:12.758Z] Successfully connected.
[2021-10-09T22:04:12.760Z] Member Count Ready
[2021-10-09T22:04:12.760Z] Function firstMessage ignored
[2021-10-09T22:04:12.760Z] poll Ready!
[2021-10-09T22:04:12.760Z] No Errors Detected
[2021-10-09T22:04:26.998Z] Promise { <pending> }
[2021-10-09T22:04:27.005Z] [0m[90mHint: hit control+c anytime to enter REPL.[0m
[2021-10-09T22:04:27.008Z] ----------------
[2021-10-09T22:04:27.009Z] Loading
[2021-10-09T22:04:27.009Z] Starting Up
[2021-10-09T22:04:27.895Z] Private Message Ready!
[2021-10-09T22:04:27.896Z] Successfully connected.
[2021-10-09T22:04:27.900Z] Member Count Ready
[2021-10-09T22:04:27.900Z] Function firstMessage ignored
[2021-10-09T22:04:27.902Z] poll Ready!
[2021-10-09T22:04:27.902Z] No Errors Detected
[2021-10-09T22:04:40.341Z] Promise { <pending> }
[2021-10-09T22:04:40.349Z] [0m[90mHint: hit control+c anytime to enter REPL.[0m
[2021-10-09T22:04:40.350Z] ----------------
[2021-10-09T22:04:40.359Z] Loading
[2021-10-09T22:04:40.359Z] Starting Up
[2021-10-09T22:04:41.503Z] Private Message Ready!
[2021-10-09T22:04:41.503Z] Successfully connected.
[2021-10-09T22:04:41.504Z] Member Count Ready
[2021-10-09T22:04:41.504Z] Function firstMessage ignored
[2021-10-09T22:04:41.504Z] poll Ready!
[2021-10-09T22:04:41.504Z] No Errors Detected
[2021-10-09T22:04:52.006Z] Promise { <pending> }
[2021-10-09T22:04:52.022Z] [0m[90mHint: hit control+c anytime to enter REPL.[0m
[2021-10-09T22:04:52.028Z] ----------------
[2021-10-09T22:04:52.028Z] Loading
[2021-10-09T22:04:52.028Z] Starting Up
[2021-10-09T22:04:52.822Z] Private Message Ready!
[2021-10-09T22:04:52.822Z] Successfully connected.
[2021-10-09T22:04:52.832Z] Member Count Ready
[2021-10-09T22:04:52.832Z] Function firstMessage ignored
[2021-10-09T22:04:52.833Z] poll Ready!
[2021-10-09T22:04:52.833Z] No Errors Detected
[2021-10-09T22:05:10.884Z] Promise { <pending> }
[2021-10-09T22:05:10.904Z] [0m[90mHint: hit control+c anytime to enter REPL.[0m
[2021-10-09T22:05:10.910Z] ----------------
[2021-10-09T22:05:10.915Z] Loading
[2021-10-09T22:05:10.916Z] Starting Up
[2021-10-09T22:05:12.078Z] Private Message Ready!
[2021-10-09T22:05:12.079Z] Successfully connected.
[2021-10-09T22:05:12.082Z] Member Count Ready
[2021-10-09T22:05:12.084Z] Function firstMessage ignored
[2021-10-09T22:05:12.084Z] poll Ready!
[2021-10-09T22:05:12.085Z] No Errors Detected
[2021-10-09T22:05:23.470Z] Promise { <pending> }
[2021-10-09T22:05:23.475Z] [0m[90mHint: hit control+c anytime to enter REPL.[0m
[2021-10-09T22:05:23.476Z] ----------------
[2021-10-09T22:05:23.477Z] Loading
[2021-10-09T22:05:23.477Z] Starting Up
[2021-10-09T22:05:24.238Z] Private Message Ready!
[2021-10-09T22:05:24.239Z] Successfully connected.
[2021-10-09T22:05:24.244Z] Member Count Ready
[2021-10-09T22:05:24.244Z] Function firstMessage ignored
[2021-10-09T22:05:24.244Z] poll Ready!
[2021-10-09T22:05:24.244Z] No Errors Detected
[2021-10-09T22:07:24.159Z] Promise { <pending> }
[2021-10-09T22:07:24.163Z] [0m[90mHint: hit control+c anytime to enter REPL.[0m
[2021-10-09T22:07:24.164Z] ----------------
[2021-10-09T22:07:24.164Z] Loading
[2021-10-09T22:07:24.164Z] Starting Up
[2021-10-09T22:07:24.981Z] Private Message Ready!
[2021-10-09T22:07:24.981Z] Successfully connected.
[2021-10-09T22:07:24.983Z] Member Count Ready
[2021-10-09T22:07:24.985Z] Function firstMessage ignored
[2021-10-09T22:07:24.985Z] poll Ready!
[2021-10-09T22:07:24.986Z] No Errors Detected
[2021-10-09T22:07:50.325Z] Promise { <pending> }
[2021-10-09T22:07:50.328Z] [0m[90mHint: hit control+c anytime to enter REPL.[0m
[2021-10-09T22:07:50.329Z] ----------------
[2021-10-09T22:07:50.329Z] Loading
[2021-10-09T22:07:50.329Z] Starting Up
[2021-10-09T22:07:51.131Z] Private Message Ready!
[2021-10-09T22:07:51.131Z] Successfully connected.
[2021-10-09T22:07:51.132Z] Member Count Ready
[2021-10-09T22:07:51.132Z] Function firstMessage ignored
[2021-10-09T22:07:51.133Z] poll Ready!
[2021-10-09T22:07:51.133Z] No Errors Detected
[2021-10-09T22:08:16.322Z] Promise { <pending> }
[2021-10-09T22:08:16.327Z] [0m[90mHint: hit control+c anytime to enter REPL.[0m
[2021-10-09T22:08:16.328Z] ----------------
[2021-10-09T22:08:16.328Z] Loading
[2021-10-09T22:08:16.328Z] Starting Up
[2021-10-09T22:08:17.097Z] Private Message Ready!
[2021-10-09T22:08:17.098Z] Successfully connected.
[2021-10-09T22:08:17.099Z] Member Count Ready
[2021-10-09T22:08:17.100Z] Function firstMessage ignored
[2021-10-09T22:08:17.100Z] poll Ready!
[2021-10-09T22:08:17.100Z] No Errors Detected
[2021-10-09T22:09:27.225Z] Promise { <pending> }
[2021-10-09T22:09:27.237Z] [0m[90mHint: hit control+c anytime to enter REPL.[0m
[2021-10-09T22:09:27.238Z] ----------------
[2021-10-09T22:09:27.238Z] Loading
[2021-10-09T22:09:27.238Z] Starting Up
[2021-10-09T22:09:28.197Z] Private Message Ready!
[2021-10-09T22:09:28.197Z] Successfully connected.
[2021-10-09T22:09:28.199Z] Member Count Ready
[2021-10-09T22:09:28.199Z] Function firstMessage ignored
[2021-10-09T22:09:28.199Z] poll Ready!
[2021-10-09T22:09:28.199Z] No Errors Detected
[2021-10-09T22:09:40.627Z] Promise { <pending> }
[2021-10-09T22:09:40.631Z] [0m[90mHint: hit control+c anytime to enter REPL.[0m
[2021-10-09T22:09:40.632Z] ----------------
[2021-10-09T22:09:40.632Z] Loading
[2021-10-09T22:09:40.632Z] Starting Up
[2021-10-09T22:09:41.478Z] Private Message Ready!
[2021-10-09T22:09:41.478Z] Successfully connected.
[2021-10-09T22:09:41.480Z] Member Count Ready
[2021-10-09T22:09:41.480Z] Function firstMessage ignored
[2021-10-09T22:09:41.480Z] poll Ready!
[2021-10-09T22:09:41.480Z] No Errors Detected
[2021-10-09T22:10:00.098Z] Promise { <pending> }
[2021-10-09T22:10:00.114Z] [0m[90mHint: hit control+c anytime to enter REPL.[0m
[2021-10-09T22:10:00.115Z] ----------------
[2021-10-09T22:10:00.115Z] Loading
[2021-10-09T22:10:00.121Z] Starting Up
[2021-10-09T22:10:01.001Z] Private Message Ready!
[2021-10-09T22:10:01.002Z] Successfully connected.
[2021-10-09T22:10:01.003Z] Member Count Ready
[2021-10-09T22:10:01.003Z] Function firstMessage ignored
[2021-10-09T22:10:01.003Z] poll Ready!
[2021-10-09T22:10:01.003Z] No Errors Detected
[2021-10-09T22:11:21.918Z] Promise { <pending> }
[2021-10-09T22:11:21.922Z] [0m[90mHint: hit control+c anytime to enter REPL.[0m
[2021-10-09T22:11:21.923Z] ----------------
[2021-10-09T22:11:21.923Z] Loading
[2021-10-09T22:11:21.923Z] Starting Up
[2021-10-09T22:11:22.888Z] Private Message Ready!
[2021-10-09T22:11:22.888Z] Successfully connected.
[2021-10-09T22:11:22.889Z] Member Count Ready
[2021-10-09T22:11:22.889Z] Function firstMessage ignored
[2021-10-09T22:11:22.890Z] poll Ready!
[2021-10-09T22:11:22.890Z] No Errors Detected
[2021-10-09T22:11:51.515Z] Promise { <pending> }
[2021-10-09T22:11:51.523Z] [0m[90mHint: hit control+c anytime to enter REPL.[0m
[2021-10-09T22:11:51.525Z] ----------------
[2021-10-09T22:11:51.525Z] Loading
[2021-10-09T22:11:51.525Z] Starting Up
[2021-10-09T22:11:52.344Z] Private Message Ready!
[2021-10-09T22:11:52.344Z] Successfully connected.
[2021-10-09T22:11:52.348Z] Member Count Ready
[2021-10-09T22:11:52.349Z] Function firstMessage ignored
[2021-10-09T22:11:52.349Z] poll Ready!
[2021-10-09T22:11:52.349Z] No Errors Detected
[2021-10-09T22:12:29.647Z] Promise { <pending> }
[2021-10-09T22:12:29.652Z] [0m[90mHint: hit control+c anytime to enter REPL.[0m
[2021-10-09T22:12:29.653Z] ----------------
[2021-10-09T22:12:29.653Z] Loading
[2021-10-09T22:12:29.653Z] Starting Up
[2021-10-09T22:12:30.776Z] Private Message Ready!
[2021-10-09T22:12:30.776Z] Successfully connected.
[2021-10-09T22:12:30.792Z] Member Count Ready
[2021-10-09T22:12:30.792Z] Function firstMessage ignored
[2021-10-09T22:12:30.792Z] poll Ready!
[2021-10-09T22:12:30.792Z] No Errors Detected
[2021-10-09T22:15:39.083Z] Promise { <pending> }
[2021-10-09T22:15:39.099Z] [0m[90mHint: hit control+c anytime to enter REPL.[0m
[2021-10-09T22:15:39.100Z] ----------------
[2021-10-09T22:15:39.100Z] Loading
[2021-10-09T22:15:39.100Z] Starting Up
[2021-10-09T22:15:40.242Z] Private Message Ready!
[2021-10-09T22:15:40.242Z] Successfully connected.
[2021-10-09T22:15:40.247Z] Member Count Ready
[2021-10-09T22:15:40.247Z] Function firstMessage ignored
[2021-10-09T22:15:40.249Z] poll Ready!
[2021-10-09T22:15:40.254Z] No Errors Detected
[2021-10-09T22:16:33.530Z] Promise { <pending> }
[2021-10-09T22:16:33.534Z] [0m[90mHint: hit control+c anytime to enter REPL.[0m
[2021-10-09T22:16:33.537Z] ----------------
[2021-10-09T22:16:33.537Z] Loading
[2021-10-09T22:16:33.538Z] Starting Up
[2021-10-09T22:16:34.713Z] Private Message Ready!
[2021-10-09T22:16:34.713Z] Successfully connected.
[2021-10-09T22:16:34.718Z] Member Count Ready
[2021-10-09T22:16:34.722Z] Function firstMessage ignored
[2021-10-09T22:16:34.722Z] poll Ready!
[2021-10-09T22:16:34.722Z] No Errors Detected
[2021-10-09T22:17:03.037Z] Promise { <pending> }
[2021-10-09T22:17:03.052Z] [0m[90mHint: hit control+c anytime to enter REPL.[0m
[2021-10-09T22:17:03.053Z] ----------------
[2021-10-09T22:17:03.054Z] Loading
[2021-10-09T22:17:03.054Z] Starting Up
[2021-10-09T22:17:04.672Z] Private Message Ready!
[2021-10-09T22:17:04.673Z] Successfully connected.
[2021-10-09T22:17:04.674Z] Member Count Ready
[2021-10-09T22:17:04.674Z] Function firstMessage ignored
[2021-10-09T22:17:04.675Z] poll Ready!
[2021-10-09T22:17:04.675Z] No Errors Detected
[2021-10-09T22:17:42.708Z] Promise { <pending> }
[2021-10-09T22:17:42.731Z] [0m[90mHint: hit control+c anytime to enter REPL.[0m
[2021-10-09T22:17:42.732Z] ----------------
[2021-10-09T22:17:42.732Z] Loading
[2021-10-09T22:17:42.732Z] Starting Up
[2021-10-09T22:17:44.420Z] Private Message Ready!
[2021-10-09T22:17:44.421Z] Successfully connected.
[2021-10-09T22:17:44.422Z] Member Count Ready
[2021-10-09T22:17:44.422Z] Function firstMessage ignored
[2021-10-09T22:17:44.422Z] poll Ready!
[2021-10-09T22:17:44.422Z] No Errors Detected
[2021-10-09T22:19:14.893Z] Promise { <pending> }
[2021-10-09T22:19:14.904Z] [0m[90mHint: hit control+c anytime to enter REPL.[0m
[2021-10-09T22:19:14.908Z] ----------------
[2021-10-09T22:19:14.908Z] Loading
[2021-10-09T22:19:14.908Z] Starting Up
[2021-10-09T22:19:15.884Z] Private Message Ready!
[2021-10-09T22:19:15.886Z] Successfully connected.
[2021-10-09T22:19:15.888Z] Member Count Ready
[2021-10-09T22:19:15.889Z] Function firstMessage ignored
[2021-10-09T22:19:15.889Z] poll Ready!
[2021-10-09T22:19:15.889Z] No Errors Detected
[2021-10-09T22:23:47.084Z] Promise { <pending> }
[2021-10-09T22:23:47.088Z] [0m[90mHint: hit control+c anytime to enter REPL.[0m
[2021-10-09T22:23:47.089Z] ----------------
[2021-10-09T22:23:47.089Z] Loading
[2021-10-09T22:23:47.090Z] Starting Up
[2021-10-09T22:23:47.972Z] Private Message Ready!
[2021-10-09T22:23:47.974Z] Successfully connected.
[2021-10-09T22:23:47.978Z] Member Count Ready
[2021-10-09T22:23:47.979Z] Function firstMessage ignored
[2021-10-09T22:23:47.981Z] poll Ready!
[2021-10-09T22:23:47.981Z] No Errors Detected
[2021-10-09T22:25:21.392Z] Promise { <pending> }
[2021-10-09T22:25:21.397Z] [0m[90mHint: hit control+c anytime to enter REPL.[0m
[2021-10-09T22:25:21.398Z] ----------------
[2021-10-09T22:25:21.401Z] Loading
[2021-10-09T22:25:21.401Z] Starting Up
[2021-10-09T22:25:22.730Z] Private Message Ready!
[2021-10-09T22:25:22.731Z] Successfully connected.
[2021-10-09T22:25:22.733Z] Member Count Ready
[2021-10-09T22:25:22.734Z] Function firstMessage ignored
[2021-10-09T22:25:22.734Z] poll Ready!
[2021-10-09T22:25:22.734Z] No Errors Detected
[2021-10-10T01:12:14.535Z] Promise { <pending> }
[2021-10-10T01:12:14.571Z] [0m[90mHint: hit control+c anytime to enter REPL.[0m
[2021-10-10T01:12:14.579Z] ----------------
[2021-10-10T01:12:14.580Z] Loading
[2021-10-10T01:12:14.580Z] Starting Up
[2021-10-10T01:12:16.802Z] Private Message Ready!
[2021-10-10T01:12:16.816Z] Successfully connected.
[2021-10-10T01:12:16.849Z] Member Count Ready
[2021-10-10T01:12:16.849Z] Function firstMessage ignored
[2021-10-10T01:12:16.849Z] poll Ready!
[2021-10-10T01:12:16.849Z] No Errors Detected
[2021-10-10T01:12:55.704Z] MEE6 said :! 
[2021-10-10T06:49:57.672Z] MEE6 said :! 
[2021-10-10T07:36:26.013Z] MEE6 said :! 
[2021-10-10T10:43:39.894Z] MEE6 said :! 
[2021-10-10T10:45:26.014Z] MEE6 said :! 
[2021-10-10T12:35:53.386Z] User: HackerX Tester has joined the server!
[2021-10-10T12:35:53.601Z] HackerX Bot said :! 
[2021-10-10T12:35:54.116Z] HackerX Bot said :! <@836888702311464961> **joined the server!** <a:gem_purple:879311453608370216>
[2021-10-10T12:36:35.370Z] MEE6 said :! 
[2021-10-10T12:38:03.950Z] MEE6 said :! 
[2021-10-10T12:41:47.522Z] MEE6 said :! 
[2021-10-10T12:42:15.792Z] MEE6 said :! 
[2021-10-10T12:43:19.742Z] MEE6 said :! 
[2021-10-10T12:44:46.459Z] MEE6 said :! 
[2021-10-10T12:49:14.402Z] Promise { <pending> }
[2021-10-10T12:49:14.409Z] [0m[90mHint: hit control+c anytime to enter REPL.[0m
[2021-10-10T12:49:14.413Z] ----------------
[2021-10-10T12:49:14.413Z] Loading
[2021-10-10T12:49:14.413Z] Starting Up
[2021-10-10T12:49:16.049Z] Private Message Ready!
[2021-10-10T12:49:16.050Z] Successfully connected.
[2021-10-10T12:49:16.052Z] Member Count Ready
[2021-10-10T12:49:16.052Z] Function firstMessage ignored
[2021-10-10T12:49:16.053Z] poll Ready!
[2021-10-10T12:49:16.053Z] No Errors Detected
[2021-10-10T12:51:28.833Z] Promise { <pending> }
[2021-10-10T12:51:28.846Z] [0m[90mHint: hit control+c anytime to enter REPL.[0m
[2021-10-10T12:51:28.848Z] ----------------
[2021-10-10T12:51:28.852Z] Loading
[2021-10-10T12:51:28.852Z] Starting Up
[2021-10-10T12:51:30.939Z] Private Message Ready!
[2021-10-10T12:51:30.939Z] Successfully connected.
[2021-10-10T12:51:30.950Z] Member Count Ready
[2021-10-10T12:51:30.950Z] Function firstMessage ignored
[2021-10-10T12:51:30.950Z] poll Ready!
[2021-10-10T12:51:30.951Z] No Errors Detected
[2021-10-10T12:52:00.200Z] Promise { <pending> }
[2021-10-10T12:52:00.228Z] [0m[90mHint: hit control+c anytime to enter REPL.[0m
[2021-10-10T12:52:00.235Z] ----------------
[2021-10-10T12:52:00.235Z] Loading
[2021-10-10T12:52:00.235Z] Starting Up
[2021-10-10T12:52:01.969Z] Private Message Ready!
[2021-10-10T12:52:01.969Z] Successfully connected.
[2021-10-10T12:52:01.970Z] Member Count Ready
[2021-10-10T12:52:01.970Z] Function firstMessage ignored
[2021-10-10T12:52:01.971Z] poll Ready!
[2021-10-10T12:52:01.971Z] No Errors Detected
[2021-10-10T12:53:21.220Z] Promise { <pending> }
[2021-10-10T12:53:21.227Z] [0m[90mHint: hit control+c anytime to enter REPL.[0m
[2021-10-10T12:53:21.228Z] ----------------
[2021-10-10T12:53:21.229Z] Loading
[2021-10-10T12:53:21.229Z] Starting Up
[2021-10-10T12:53:22.671Z] Private Message Ready!
[2021-10-10T12:53:22.676Z] Successfully connected.
[2021-10-10T12:53:22.677Z] Member Count Ready
[2021-10-10T12:53:22.677Z] Function firstMessage ignored
[2021-10-10T12:53:22.677Z] poll Ready!
[2021-10-10T12:53:22.677Z] No Errors Detected
[2021-10-10T12:54:15.500Z] Promise { <pending> }
[2021-10-10T12:54:15.517Z] [0m[90mHint: hit control+c anytime to enter REPL.[0m
[2021-10-10T12:54:15.520Z] ----------------
[2021-10-10T12:54:15.520Z] Loading
[2021-10-10T12:54:15.521Z] Starting Up
[2021-10-10T12:54:17.245Z] Private Message Ready!
[2021-10-10T12:54:17.252Z] Successfully connected.
[2021-10-10T12:54:17.259Z] Member Count Ready
[2021-10-10T12:54:17.259Z] Function firstMessage ignored
[2021-10-10T12:54:17.259Z] poll Ready!
[2021-10-10T12:54:17.259Z] No Errors Detected
[2021-10-10T12:54:55.640Z] Promise { <pending> }
[2021-10-10T12:54:55.651Z] [0m[90mHint: hit control+c anytime to enter REPL.[0m
[2021-10-10T12:54:55.659Z] ----------------
[2021-10-10T12:54:55.659Z] Loading
[2021-10-10T12:54:55.659Z] Starting Up
[2021-10-10T12:54:57.095Z] Private Message Ready!
[2021-10-10T12:54:57.103Z] Successfully connected.
[2021-10-10T12:54:57.104Z] Member Count Ready
[2021-10-10T12:54:57.104Z] Function firstMessage ignored
[2021-10-10T12:54:57.104Z] poll Ready!
[2021-10-10T12:54:57.104Z] No Errors Detected
[2021-10-10T12:56:11.779Z] Promise { <pending> }
[2021-10-10T12:56:11.795Z] [0m[90mHint: hit control+c anytime to enter REPL.[0m
[2021-10-10T12:56:11.798Z] ----------------
[2021-10-10T12:56:11.798Z] Loading
[2021-10-10T12:56:11.804Z] Starting Up
[2021-10-10T12:56:13.427Z] Private Message Ready!
[2021-10-10T12:56:13.428Z] Successfully connected.
[2021-10-10T12:56:13.432Z] Member Count Ready
[2021-10-10T12:56:13.432Z] Function firstMessage ignored
[2021-10-10T12:56:13.432Z] poll Ready!
[2021-10-10T12:56:13.432Z] No Errors Detected
[2021-10-10T12:57:19.026Z] Promise { <pending> }
[2021-10-10T12:57:19.039Z] [0m[90mHint: hit control+c anytime to enter REPL.[0m
[2021-10-10T12:57:19.043Z] ----------------
[2021-10-10T12:57:19.043Z] Loading
[2021-10-10T12:57:19.043Z] Starting Up
[2021-10-10T12:57:20.777Z] Private Message Ready!
[2021-10-10T12:57:20.777Z] Successfully connected.
[2021-10-10T12:57:20.781Z] Member Count Ready
[2021-10-10T12:57:20.781Z] Function firstMessage ignored
[2021-10-10T12:57:20.782Z] poll Ready!
[2021-10-10T12:57:20.782Z] No Errors Detected
[2021-10-10T12:57:39.059Z] Promise { <pending> }
[2021-10-10T12:57:39.070Z] [0m[90mHint: hit control+c anytime to enter REPL.[0m
[2021-10-10T12:57:39.078Z] ----------------
[2021-10-10T12:57:39.078Z] Loading
[2021-10-10T12:57:39.084Z] Starting Up
[2021-10-10T12:57:40.855Z] Private Message Ready!
[2021-10-10T12:57:40.866Z] Successfully connected.
[2021-10-10T12:57:40.876Z] Member Count Ready
[2021-10-10T12:57:40.881Z] Function firstMessage ignored
[2021-10-10T12:57:40.894Z] poll Ready!
[2021-10-10T12:57:40.897Z] No Errors Detected
[2021-10-10T13:24:49.853Z] MEE6 said :! 
[2021-10-10T15:47:31.278Z] Promise { <pending> }
[2021-10-10T15:47:31.298Z] [0m[90mHint: hit control+c anytime to enter REPL.[0m
[2021-10-10T15:47:31.300Z] ----------------
[2021-10-10T15:47:31.300Z] Loading
[2021-10-10T15:47:31.300Z] Starting Up
[2021-10-10T15:47:32.917Z] Private Message Ready!
[2021-10-10T15:47:32.917Z] Successfully connected.
[2021-10-10T15:47:32.925Z] Member Count Ready
[2021-10-10T15:47:32.925Z] Function firstMessage ignored
[2021-10-10T15:47:32.925Z] poll Ready!
[2021-10-10T15:47:32.925Z] No Errors Detected
[2021-10-10T15:50:48.398Z] Promise { <pending> }
[2021-10-10T15:50:48.421Z] [0m[90mHint: hit control+c anytime to enter REPL.[0m
[2021-10-10T15:50:48.430Z] ----------------
[2021-10-10T15:50:48.432Z] Loading
[2021-10-10T15:50:48.432Z] Starting Up
[2021-10-10T15:50:51.681Z] Private Message Ready!
[2021-10-10T15:50:51.681Z] Successfully connected.
[2021-10-10T15:50:51.712Z] Member Count Ready
[2021-10-10T15:50:51.712Z] Function firstMessage ignored
[2021-10-10T15:50:51.712Z] poll Ready!
[2021-10-10T15:50:51.712Z] No Errors Detected
[2021-10-12T21:09:06.822Z] Promise { <pending> }
[2021-10-12T21:09:06.901Z] [0m[90mHint: hit control+c anytime to enter REPL.[0m
[2021-10-12T21:09:06.944Z] ----------------
[2021-10-12T21:09:06.944Z] Loading
[2021-10-12T21:09:06.944Z] Starting Up
[2021-10-12T21:09:11.880Z] Private Message Ready!
[2021-10-12T21:09:11.880Z] Successfully connected.
[2021-10-12T21:09:11.881Z] Member Count Ready
[2021-10-12T21:09:11.881Z] Function firstMessage ignored
[2021-10-12T21:09:11.915Z] poll Ready!
[2021-10-12T21:09:11.915Z] No Errors Detected
[2021-10-12T21:10:35.555Z] MEE6 said :! 
[2021-10-13T00:27:26.723Z] Promise { <pending> }
[2021-10-13T00:27:26.740Z] [0m[90mHint: hit control+c anytime to enter REPL.[0m
[2021-10-13T00:27:26.754Z] ----------------
[2021-10-13T00:27:26.754Z] Loading
[2021-10-13T00:27:26.754Z] Starting Up
[2021-10-13T00:27:27.783Z] Private Message Ready!
[2021-10-13T00:27:27.783Z] Successfully connected.
[2021-10-13T00:27:27.788Z] Member Count Ready
[2021-10-13T00:27:27.788Z] Function firstMessage ignored
[2021-10-13T00:27:27.788Z] poll Ready!
[2021-10-13T00:27:27.788Z] No Errors Detected
[2021-10-13T03:06:18.980Z] MEE6 said :! 
[2021-10-13T03:55:22.014Z] MEE6 said :! 
[2021-10-13T04:18:38.460Z] MEE6 said :! 
[2021-10-13T12:49:11.133Z] MEE6 said :! 
[2021-10-13T12:51:18.863Z] GiwrgosBheGames just left
[2021-10-13T12:51:19.017Z] HackerX Bot said :! 
[2021-10-13T12:51:19.059Z] HackerX Bot said :! <@818946071232381009> (GiwrgosBheGames) **just left!** <a:Siren:879311859126259712>
[2021-10-13T12:52:38.931Z] MEE6 said :! 
[2021-10-13T13:15:37.553Z] ! mg-Bas-_- said :! test
[2021-10-13T13:29:18.433Z] Promise { <pending> }
[2021-10-13T13:29:18.460Z] [0m[90mHint: hit control+c anytime to enter REPL.[0m
[2021-10-13T13:29:18.464Z] ----------------
[2021-10-13T13:29:18.464Z] Loading
[2021-10-13T13:29:18.465Z] Starting Up
[2021-10-13T13:29:20.918Z] Private Message Ready!
[2021-10-13T13:29:20.918Z] Successfully connected.
[2021-10-13T13:29:20.920Z] Member Count Ready
[2021-10-13T13:29:20.920Z] Function firstMessage ignored
[2021-10-13T13:29:20.920Z] poll Ready!
[2021-10-13T13:29:20.920Z] No Errors Detected
[2021-10-13T13:29:29.373Z] ! mg-Bas-_- said :! phone
[2021-10-13T13:29:29.555Z] UnbelievaBoat said :! 
[2021-10-13T13:30:09.142Z] ! mg-Bas-_- said :! <@861888348167471114>  100 phone
[2021-10-13T13:30:09.491Z] MEE6 said :! 
[2021-10-13T13:30:09.515Z] UnbelievaBoat said :! 
[2021-10-13T13:30:21.325Z] MEE6 said :! 
[2021-10-13T13:53:09.995Z] MEE6 said :! 
[2021-10-13T14:08:41.736Z] Promise { <pending> }
[2021-10-13T14:08:41.772Z] [0m[90mHint: hit control+c anytime to enter REPL.[0m
[2021-10-13T14:08:41.776Z] ----------------
[2021-10-13T14:08:41.776Z] Please Wait
[2021-10-13T14:08:41.776Z] Starting Up
[2021-10-13T14:08:44.164Z] Private Message Ready!
[2021-10-13T14:08:44.169Z] Successfully connected.
[2021-10-13T14:08:44.172Z] Member Count Ready
[2021-10-13T14:08:44.184Z] Function firstMessage ignored
[2021-10-13T14:08:44.184Z] poll Ready!
[2021-10-13T14:08:44.184Z] No Errors Detected
[2021-10-13T14:09:09.853Z] Promise { <pending> }
[2021-10-13T14:09:09.977Z] [0m[90mHint: hit control+c anytime to enter REPL.[0m
[2021-10-13T14:09:10.067Z] ----------------
[2021-10-13T14:09:10.067Z] Please Wait
[2021-10-13T14:09:10.067Z] Starting Up
[2021-10-13T14:09:13.985Z] Private Message Ready!
[2021-10-13T14:09:13.991Z] Successfully connected.
[2021-10-13T14:09:14.001Z] Member Count Ready
[2021-10-13T14:09:14.001Z] Function firstMessage ignored
[2021-10-13T14:09:14.011Z] poll Ready!
[2021-10-13T14:09:14.011Z] No Errors Detected
[2021-10-13T14:56:15.067Z] MEE6 said :! 
[2021-10-13T15:20:54.850Z] MEE6 said :! 
[2021-10-13T15:45:49.774Z] MEE6 said :! 
[2021-10-13T15:47:32.734Z] MEE6 said :! 
[2021-10-13T15:47:57.839Z] Promise { <pending> }
[2021-10-13T15:47:57.857Z] [0m[90mHint: hit control+c anytime to enter REPL.[0m
[2021-10-13T15:47:57.863Z] ----------------
[2021-10-13T15:47:57.864Z] Please Wait
[2021-10-13T15:47:57.864Z] Starting Up
[2021-10-13T15:48:00.782Z] Private Message Ready!
[2021-10-13T15:48:00.790Z] Successfully connected.
[2021-10-13T15:48:00.806Z] Member Count Ready
[2021-10-13T15:48:00.806Z] Function firstMessage ignored
[2021-10-13T15:48:00.806Z] poll Ready!
[2021-10-13T15:48:00.806Z] No Errors Detected
[2021-10-13T15:49:14.004Z] [0m[90mHint: hit control+c anytime to enter REPL.[0m
[2021-10-13T15:49:31.448Z] Promise { <pending> }
[2021-10-13T15:49:31.477Z] [0m[90mHint: hit control+c anytime to enter REPL.[0m
[2021-10-13T15:49:31.478Z] ----------------
[2021-10-13T15:49:31.478Z] Please Wait
[2021-10-13T15:49:31.478Z] Starting Up
[2021-10-13T15:49:33.049Z] Private Message Ready!
[2021-10-13T15:49:33.053Z] Successfully connected.
[2021-10-13T15:49:33.055Z] Member Count Ready
[2021-10-13T15:49:33.060Z] Function firstMessage ignored
[2021-10-13T15:49:33.060Z] poll Ready!
[2021-10-13T15:49:33.062Z] No Errors Detected
[2021-10-13T15:52:43.589Z] Promise { <pending> }
[2021-10-13T15:52:43.616Z] [0m[90mHint: hit control+c anytime to enter REPL.[0m
[2021-10-13T15:52:43.626Z] ----------------
[2021-10-13T15:52:43.629Z] Please Wait
[2021-10-13T15:52:43.629Z] Starting Up
[2021-10-13T15:52:46.206Z] Private Message Ready!
[2021-10-13T15:52:46.206Z] Successfully connected.
[2021-10-13T15:52:46.213Z] Member Count Ready
[2021-10-13T15:52:46.213Z] Function firstMessage ignored
[2021-10-13T15:52:46.213Z] poll Ready!
[2021-10-13T15:52:46.214Z] No Errors Detected
[2021-10-13T15:54:25.388Z] User: GiannisOG has joined the server!
[2021-10-13T15:54:25.557Z] HackerX Bot said :! 
[2021-10-13T15:54:25.984Z] HackerX Bot said :! <@751543528487649321> **joined the server!** <a:gem_purple:879311453608370216>
[2021-10-13T15:55:50.055Z] MEE6 said :! 
[2021-10-13T16:19:05.022Z] mohammad.mahdi ᵃˡⁱᵉⁿ said :! fix this @everyone
[2021-10-13T16:19:05.393Z] MEE6 said :! <@892127169642377336>, you just advanced to level 1!
[2021-10-13T16:20:15.478Z] HackerX said :! dont tag everyone
[2021-10-13T16:30:23.670Z] Promise { <pending> }
[2021-10-13T16:30:23.691Z] [0m[90mHint: hit control+c anytime to enter REPL.[0m
[2021-10-13T16:30:23.710Z] ----------------
[2021-10-13T16:30:23.711Z] Please Wait
[2021-10-13T16:30:23.711Z] Starting Up
[2021-10-13T16:30:25.041Z] Private Message Ready!
[2021-10-13T16:30:25.041Z] Successfully connected.
[2021-10-13T16:30:25.057Z] Member Count Ready
[2021-10-13T16:30:25.057Z] Function firstMessage ignored
[2021-10-13T16:30:25.058Z] poll Ready!
[2021-10-13T16:30:25.058Z] No Errors Detected
[2021-10-13T16:30:40.556Z] HackerX said :! 
[2021-10-13T16:33:59.433Z] Promise { <pending> }
[2021-10-13T16:33:59.466Z] [0m[90mHint: hit control+c anytime to enter REPL.[0m
[2021-10-13T16:33:59.467Z] ----------------
[2021-10-13T16:33:59.467Z] Please Wait
[2021-10-13T16:33:59.467Z] Starting Up
[2021-10-13T16:34:01.433Z] Private Message Ready!
[2021-10-13T16:34:01.436Z] Successfully connected.
[2021-10-13T16:34:01.438Z] Member Count Ready
[2021-10-13T16:34:01.443Z] Function firstMessage ignored
[2021-10-13T16:34:01.443Z] poll Ready!
[2021-10-13T16:34:01.443Z] No Errors Detected
[2021-10-13T16:34:07.249Z] HackerX said :! 
[2021-10-13T16:34:07.251Z] HackerXtried to tag everyone
[2021-10-13T16:34:07.393Z] HackerX Bot said :! Nah. Not Today..
[2021-10-13T16:34:29.869Z] HackerX said :! 12334
[2021-10-13T16:34:29.869Z] HackerXtried to tag everyone
[2021-10-13T16:34:30.039Z] HackerX Bot said :! Nah. Not Today..
[2021-10-13T16:34:34.149Z] HackerX said :! @everyone
[2021-10-13T16:35:24.723Z] Promise { <pending> }
[2021-10-13T16:35:24.729Z] [0m[90mHint: hit control+c anytime to enter REPL.[0m
[2021-10-13T16:35:24.730Z] ----------------
[2021-10-13T16:35:24.730Z] Please Wait
[2021-10-13T16:35:24.730Z] Starting Up
[2021-10-13T16:35:25.746Z] Private Message Ready!
[2021-10-13T16:35:25.747Z] Successfully connected.
[2021-10-13T16:35:25.765Z] Member Count Ready
[2021-10-13T16:35:25.765Z] Function firstMessage ignored
[2021-10-13T16:35:25.765Z] poll Ready!
[2021-10-13T16:35:25.765Z] No Errors Detected
[2021-10-13T16:35:33.424Z] HackerX said :! @everyone
[2021-10-13T16:35:37.711Z] HackerX said :! 
[2021-10-13T16:35:37.712Z] HackerX tried to tag everyone
[2021-10-13T16:35:37.725Z] HackerX tried to tag everyone
[2021-10-13T16:35:37.853Z] HackerX Bot said :! Nah. Not Today..
[2021-10-13T16:35:37.967Z] HackerX Bot said :! Nah. Not Today..
[2021-10-13T16:35:48.346Z] Promise { <pending> }
[2021-10-13T16:35:48.355Z] [0m[90mHint: hit control+c anytime to enter REPL.[0m
[2021-10-13T16:35:48.357Z] ----------------
[2021-10-13T16:35:48.358Z] Please Wait
[2021-10-13T16:35:48.359Z] Starting Up
[2021-10-13T16:35:49.358Z] Private Message Ready!
[2021-10-13T16:35:49.358Z] Successfully connected.
[2021-10-13T16:35:49.360Z] Member Count Ready
[2021-10-13T16:35:49.361Z] Function firstMessage ignored
[2021-10-13T16:35:49.362Z] poll Ready!
[2021-10-13T16:35:49.362Z] No Errors Detected
[2021-10-13T16:36:49.536Z] [0m[90mHint: hit control+c anytime to enter REPL.[0m
[2021-10-13T16:36:49.565Z] ----------------
[2021-10-13T16:36:49.565Z] Please Wait
[2021-10-13T16:36:49.565Z] Starting Up
[2021-10-13T16:37:05.847Z] Promise { <pending> }
[2021-10-13T16:37:05.865Z] [0m[90mHint: hit control+c anytime to enter REPL.[0m
[2021-10-13T16:37:05.866Z] ----------------
[2021-10-13T16:37:05.866Z] Please Wait
[2021-10-13T16:37:05.866Z] Starting Up
[2021-10-13T16:37:06.910Z] Private Message Ready!
[2021-10-13T16:37:06.910Z] Successfully connected.
[2021-10-13T16:37:06.926Z] Member Count Ready
[2021-10-13T16:37:06.926Z] Function firstMessage ignored
[2021-10-13T16:37:06.926Z] poll Ready!
[2021-10-13T16:37:06.926Z] No Errors Detected
[2021-10-13T16:37:12.281Z] HackerX said :! 
[2021-10-13T16:37:19.029Z] HackerX said :! sans sad
[2021-10-13T16:37:19.124Z] HackerX Bot said :! 
[2021-10-13T16:37:26.752Z] mohammad.mahdi ᵃˡⁱᵉⁿ said :! 
[2021-10-13T16:37:44.613Z] Promise { <pending> }
[2021-10-13T16:37:44.624Z] [0m[90mHint: hit control+c anytime to enter REPL.[0m
[2021-10-13T16:37:44.636Z] ----------------
[2021-10-13T16:37:44.636Z] Please Wait
[2021-10-13T16:37:44.636Z] Starting Up
[2021-10-13T16:37:46.931Z] Private Message Ready!
[2021-10-13T16:37:46.931Z] Successfully connected.
[2021-10-13T16:37:46.972Z] Member Count Ready
[2021-10-13T16:37:46.972Z] Function firstMessage ignored
[2021-10-13T16:37:46.973Z] poll Ready!
[2021-10-13T16:37:46.973Z] No Errors Detected
[2021-10-13T16:44:22.947Z] HackerX tried to tag everyone
[2021-10-13T16:44:22.961Z] HackerX said :! @everyone
[2021-10-13T16:44:23.151Z] HackerX Bot said :! Nah. Not Today..
[2021-10-13T16:45:32.202Z] Promise { <pending> }
[2021-10-13T16:45:32.210Z] [0m[90mHint: hit control+c anytime to enter REPL.[0m
[2021-10-13T16:45:32.211Z] ----------------
[2021-10-13T16:45:32.211Z] Please Wait
[2021-10-13T16:45:32.211Z] Starting Up
[2021-10-13T16:45:33.280Z] Private Message Ready!
[2021-10-13T16:45:33.281Z] Successfully connected.
[2021-10-13T16:45:33.284Z] Member Count Ready
[2021-10-13T16:45:33.285Z] Function firstMessage ignored
[2021-10-13T16:45:33.286Z] poll Ready!
[2021-10-13T16:45:33.286Z] No Errors Detected
[2021-10-13T16:45:36.517Z] Promise { <pending> }
[2021-10-13T16:45:36.523Z] [0m[90mHint: hit control+c anytime to enter REPL.[0m
[2021-10-13T16:45:36.524Z] ----------------
[2021-10-13T16:45:36.524Z] Please Wait
[2021-10-13T16:45:36.524Z] Starting Up
[2021-10-13T16:45:43.445Z] Private Message Ready!
[2021-10-13T16:45:43.445Z] Successfully connected.
[2021-10-13T16:45:43.447Z] Member Count Ready
[2021-10-13T16:45:43.447Z] Function firstMessage ignored
[2021-10-13T16:45:43.448Z] poll Ready!
[2021-10-13T16:45:43.448Z] No Errors Detected
[2021-10-13T16:45:47.249Z] HackerX tried to tag here
[2021-10-13T16:45:47.257Z] HackerX said :! 
[2021-10-13T16:45:47.397Z] HackerX Bot said :! Nah. Not Today..
[2021-10-13T16:45:59.773Z] HackerX said :! 
[2021-10-13T16:46:00.262Z] HackerX said :! 
[2021-10-13T16:46:01.844Z] HackerX tried to tag here
[2021-10-13T16:46:01.845Z] HackerX said :! 
[2021-10-13T16:46:02.051Z] HackerX Bot said :! Nah. Not Today..
[2021-10-13T16:46:06.841Z] HackerX tried to tag here
[2021-10-13T16:46:06.842Z] HackerX said :! @here
[2021-10-13T16:46:07.285Z] HackerX Bot said :! Nah. Not Today..
[2021-10-13T16:46:09.327Z] HackerX said :! 
[2021-10-13T16:46:14.751Z] HackerX tried to tag everyone
[2021-10-13T16:46:14.756Z] HackerX said :! @everyone
[2021-10-13T16:46:14.913Z] HackerX Bot said :! Nah. Not Today..
[2021-10-14T00:44:15.786Z] Promise { <pending> }
[2021-10-14T00:44:15.802Z] [0m[90mHint: hit control+c anytime to enter REPL.[0m
[2021-10-14T00:44:15.803Z] ----------------
[2021-10-14T00:44:15.814Z] Please Wait
[2021-10-14T00:44:15.814Z] Starting Up
[2021-10-14T00:44:17.558Z] Private Message Ready!
[2021-10-14T00:44:17.558Z] Successfully connected.
[2021-10-14T00:44:17.562Z] Member Count Ready
[2021-10-14T00:44:17.562Z] Function firstMessage ignored
[2021-10-14T00:44:17.562Z] poll Ready!
[2021-10-14T00:44:17.562Z] No Errors Detected
[2021-10-14T03:13:25.493Z] MEE6 said :! 
[2021-10-14T03:15:21.961Z] MEE6 said :! 
[2021-10-14T05:51:13.961Z] MEE6 said :! 
[2021-10-14T05:54:14.123Z] MEE6 said :! 
[2021-10-14T11:46:34.438Z] MEE6 said :! 
[2021-10-14T12:39:09.976Z] MEE6 said :! 
[2021-10-14T12:54:02.939Z] HackerX said :! 
[2021-10-14T12:54:02.945Z] Commands Sent
[2021-10-14T12:54:03.037Z] Discord Developers said :! ban, Description: Ban a player 
Name: help, Description: List all available commands. 
Name: nowplaying, Description: Get the song that is playing. 
Name: pause, Description: Pause current song! 
Name: play, Description: Play a song in your channel! 
Name: purge, Description: Delete the last messages in all chats. 
Name: resume, Description: Resume current song! 
Name: skip, Description: Skip a song! 
Name: stop, Description: Stop all songs in the queue! 
Name: userinfo, Description: Get information about a user.
[2021-10-14T12:54:03.136Z] HackerX Bot said :! 
[2021-10-14T12:54:03.145Z] Server said :! 
[2021-10-14T13:04:29.008Z] Giannmakry15 said :! hallo people
[2021-10-14T13:04:29.016Z] Giannmakry15 said :- hallo people
[2021-10-14T13:04:29.121Z] Server said :! people
[2021-10-14T13:04:29.239Z] HackerX Bot said :! people
[2021-10-14T13:04:46.129Z] Giannmakry15 said :! how are you?
[2021-10-14T13:04:46.130Z] Giannmakry15 said :- how are you?
[2021-10-14T13:04:46.250Z] Server said :! are you?
[2021-10-14T13:04:46.315Z] HackerX Bot said :! are you?
[2021-10-14T14:15:26.948Z] MEE6 said :! 
[2021-10-14T14:49:45.679Z] MEE6 said :! 
[2021-10-14T15:22:38.359Z] HackerX said :! 
[2021-10-14T15:22:38.360Z] Commands Sent
[2021-10-14T15:22:38.650Z] HackerX Bot said :! 
