ACCESS HAS BEEN DENIED
language.twentyonecore.com/:13 The value "no/>" for key "user-scalable" is invalid, and has been ignored.
language.twentyonecore.com/:13 The key "<meta" is not recognized and ignored.
script.js:45 Logged in as unknownuser
script.js:52 access denied code 53
script.js:70 Uncaught TypeError: Cannot set properties of null (setting 'innerHTML')
    at script.js:70:53
(anonymous) @ script.js:70
script.js:7 html has been loaded
twentyonecore.js:900 PAGE DESTROYED FOR SECURITY PURPOSES
script.js:29 Uncaught TypeError: Cannot set properties of null (setting 'innerHTML')
    at script.js:29:46
    at rawFile.onreadystatechange (script.js:22:4)
(anonymous) @ script.js:29
rawFile.onreadystatechange @ script.js:22
XMLHttpRequest.send (async)
readTextFile @ script.js:25
(anonymous) @ script.js:27
webspeed.js:9 Uncaught TypeError: Cannot read properties of null (reading 'appendChild')
    at document.onreadystatechange (webspeed.js:9:72685)
document.onreadystatechange @ webspeed.js:9
language.twentyonecore.com/:1 Error handling response: TypeError: Cannot read properties of null (reading 'offsetHeight')
    at webspeed.js:9:72870